Tilgjengelige seriellporter:
http://localhost:3000
COM34
Nettleser åpen
0: (12:24) 39
1: (12:24) 39
2: (12:24) 39
3: (12:24) 39
4: (12:24) 39
5: (12:24) 39
6: (12:24) 39
7: (12:24) 39
8: (12:24) 39
9: (12:24) 39
10: (12:24) 39
11: (12:24) 39
12: (12:24) 39
13: (12:24) 39
14: (12:24) 39
15: (12:24) 39
16: (12:24) 39
17: (12:24) 39
18: (12:24) 39
19: (12:24) 39
20: (12:24) 39
21: (12:24) 39
22: (12:24) 39
23: (12:24) 39
24: (12:24) 39
25: (12:24) 39
26: (12:24) 39
27: (12:24) 39
28: (12:24) 39
29: (12:24) 39
30: (12:24) 39
31: (12:24) 39
32: (12:24) 39
33: (12:24) 39
34: (12:24) 39
35: (12:24) 39
36: (12:24) 39
37: (12:24) 39
38: (12:24) 39
39: (12:24) 39
40: (12:24) 39
41: (12:24) 39
42: (12:24) 39
43: (12:24) 39
44: (12:24) 39
45: (12:24) 39
46: (12:24) 39
47: (12:24) 39
48: (12:24) 39
49: (12:24) 39
50: (12:24) 39
51: (12:24) 39
52: (12:24) 39
53: (12:24) 39
54: (12:24) 39
55: (12:24) 39
56: (12:24) 39
57: (12:24) 39
58: (12:24) 39
59: (12:24) 39
60: (12:24) 39
61: (12:24) 39
62: (12:24) 39
63: (12:24) 39
64: (12:24) 39
65: (12:24) 39
66: (12:24) 39
67: (12:24) 39
68: (12:24) 39
69: (12:24) 39
70: (12:24) 39
71: (12:24) 39
72: (12:24) 39
73: (12:24) 39
74: (12:24) 39
75: (12:24) 39
76: (12:24) 39
77: (12:24) 39
78: (12:24) 39
79: (12:24) 39
80: (12:24) 39
81: (12:24) 39
82: (12:24) 39
83: (12:24) 39
84: (12:24) 39
85: (12:24) 39
86: (12:24) 39
87: (12:24) 39
88: (12:24) 39
89: (12:24) 39
90: (12:24) 39
91: (12:24) 39
92: (12:24) 39
93: (12:24) 39
94: (12:24) 39
95: (12:24) 39
96: (12:24) 39
97: (12:24) 39
98: (12:24) 39
99: (12:24) 39
100: (12:24) 39
101: (12:24) 39
102: (12:24) 39
103: (12:24) 39
104: (12:24) 39
105: (12:24) 39
106: (12:24) 39
107: (12:24) 39
108: (12:24) 39
109: (12:24) 39
110: (12:24) 39
111: (12:24) 39
112: (12:24) 39
113: (12:24) 39
114: (12:24) 39
115: (12:24) 39
116: (12:24) 39
117: (12:24) 39
118: (12:24) 39
119: (12:24) 39
120: (12:24) 39
121: (12:24) 39
122: (12:24) 39
123: (12:24) 39
124: (12:24) 39
125: (12:24) 39
126: (12:24) 39
127: (12:24) 39
128: (12:24) 39
129: (12:24) 39
130: (12:24) 39
131: (12:24) 39
132: (12:24) 39
133: (12:24) 39
134: (12:24) 39
135: (12:24) 39
136: (12:24) 39
137: (12:24) 39
138: (12:24) 39
139: (12:24) 39
140: (12:24) 39
141: (12:24) 39
142: (12:24) 39
143: (12:24) 39
144: (12:24) 39
145: (12:24) 39
146: (12:24) 39
147: (12:24) 40
148: (12:24) 39
149: (12:24) 39
150: (12:24) 39
151: (12:24) 39
152: (12:24) 39
153: (12:24) 39
154: (12:24) 39
155: (12:24) 39
156: (12:24) 39
157: (12:24) 39
158: (12:24) 39
159: (12:24) 39
160: (12:24) 39
161: (12:24) 39
162: (12:24) 39
163: (12:24) 39
164: (12:24) 39
165: (12:24) 39
166: (12:24) 39
167: (12:24) 39
168: (12:24) 39
169: (12:24) 39
170: (12:24) 39
171: (12:24) 39
172: (12:24) 39
173: (12:24) 39
174: (12:24) 39
175: (12:24) 39
176: (12:24) 39
177: (12:24) 39
178: (12:24) 39
179: (12:24) 39
180: (12:24) 39
181: (12:24) 39
182: (12:24) 39
183: (12:24) 39
184: (12:24) 39
185: (12:24) 39
186: (12:24) 39
187: (12:24) 39
188: (12:24) 39
189: (12:24) 40
190: (12:24) 40
191: (12:24) 40
192: (12:24) 40
193: (12:24) 40
194: (12:24) 40
195: (12:24) 40
196: (12:24) 39
197: (12:24) 39
198: (12:24) 39
199: (12:24) 39
200: (12:24) 39
201: (12:24) 39
202: (12:24) 39
203: (12:24) 39
204: (12:24) 39
205: (12:24) 39
206: (12:24) 39
207: (12:24) 39
208: (12:24) 39
209: (12:24) 39
210: (12:24) 39
211: (12:24) 39
212: (12:24) 39
213: (12:24) 39
214: (12:24) 39
215: (12:24) 39
216: (12:24) 39
217: (12:24) 39
218: (12:24) 39
219: (12:24) 39
220: (12:24) 39
221: (12:24) 39
222: (12:24) 39
223: (12:24) 39
224: (12:24) 39
225: (12:24) 39
226: (12:24) 39
227: (12:24) 39
228: (12:24) 39
229: (12:24) 39
230: (12:24) 39
231: (12:24) 39
232: (12:24) 39
233: (12:24) 39
234: (12:24) 39
235: (12:24) 39
236: (12:24) 39
237: (12:24) 39
238: (12:24) 39
239: (12:24) 39
240: (12:24) 39
241: (12:24) 39
242: (12:24) 39
243: (12:24) 39
244: (12:24) 39
245: (12:24) 39
246: (12:24) 39
247: (12:24) 39
248: (12:24) 39
249: (12:24) 39
250: (12:24) 39
251: (12:24) 39
252: (12:24) 39
253: (12:24) 39
254: (12:24) 39
255: (12:24) 39
256: (12:24) 39
257: (12:24) 39
258: (12:24) 39
259: (12:24) 39
260: (12:24) 39
261: (12:24) 39
262: (12:24) 39
263: (12:24) 39
264: (12:24) 39
265: (12:24) 39
266: (12:24) 39
267: (12:24) 39
268: (12:24) 39
269: (12:24) 39
270: (12:24) 39
271: (12:24) 40
272: (12:24) 40
273: (12:24) 39
274: (12:24) 39
275: (12:24) 39
276: (12:24) 39
277: (12:24) 39
278: (12:24) 39
279: (12:24) 39
280: (12:24) 39
281: (12:24) 39
282: (12:24) 39
283: (12:24) 39
284: (12:24) 39
285: (12:24) 39
286: (12:24) 39
287: (12:24) 39
288: (12:24) 39
289: (12:24) 39
290: (12:24) 39
291: (12:24) 39
292: (12:24) 39
293: (12:24) 39
294: (12:24) 39
295: (12:24) 39
296: (12:24) 39
297: (12:24) 39
298: (12:24) 39
299: (12:24) 39
300: (12:24) 39
301: (12:24) 39
302: (12:24) 39
303: (12:24) 39
304: (12:24) 39
305: (12:24) 39
306: (12:24) 39
307: (12:24) 39
308: (12:24) 39
309: (12:24) 39
310: (12:24) 39
311: (12:24) 39
312: (12:24) 39
313: (12:24) 39
314: (12:24) 39
315: (12:24) 39
316: (12:24) 39
317: (12:24) 39
318: (12:24) 39
319: (12:24) 39
320: (12:24) 39
321: (12:24) 39
322: (12:24) 39
323: (12:24) 39
324: (12:24) 39
325: (12:24) 39
326: (12:24) 39
327: (12:24) 39
328: (12:24) 39
329: (12:24) 39
330: (12:24) 39
331: (12:24) 39
332: (12:24) 39
333: (12:24) 39
334: (12:24) 39
335: (12:24) 39
336: (12:24) 39
337: (12:24) 39
338: (12:24) 39
339: (12:24) 39
340: (12:24) 39
341: (12:24) 39
342: (12:24) 39
343: (12:24) 39
344: (12:24) 39
345: (12:24) 39
346: (12:24) 39
347: (12:24) 39
348: (12:24) 39
349: (12:24) 39
350: (12:24) 39
351: (12:24) 39
352: (12:24) 39
353: (12:24) 39
354: (12:24) 39
355: (12:24) 39
356: (12:24) 39
357: (12:24) 39
358: (12:24) 39
359: (12:24) 39
360: (12:24) 39
361: (12:24) 39
362: (12:24) 39
363: (12:24) 39
364: (12:24) 39
365: (12:24) 39
366: (12:24) 39
367: (12:24) 39
368: (12:24) 39
369: (12:24) 39
370: (12:24) 39
371: (12:24) 39
372: (12:24) 39
373: (12:24) 39
374: (12:24) 39
375: (12:24) 39
376: (12:24) 39
377: (12:24) 39
378: (12:24) 39
379: (12:24) 39
380: (12:24) 39
381: (12:24) 39
382: (12:24) 39
383: (12:24) 39
384: (12:24) 39
385: (12:24) 39
386: (12:24) 39
387: (12:24) 39
388: (12:24) 39
389: (12:24) 39
390: (12:24) 40
391: (12:24) 40
392: (12:24) 40
393: (12:24) 40
394: (12:24) 39
395: (12:24) 39
396: (12:24) 39
397: (12:24) 39
398: (12:24) 39
399: (12:24) 39
400: (12:24) 39
401: (12:24) 39
402: (12:24) 40
403: (12:24) 40
404: (12:24) 39
405: (12:24) 39
406: (12:24) 39
407: (12:24) 39
408: (12:24) 39
409: (12:24) 39
410: (12:24) 39
411: (12:24) 39
412: (12:24) 39
413: (12:24) 39
414: (12:24) 39
415: (12:24) 39
416: (12:24) 39
417: (12:24) 39
418: (12:24) 39
419: (12:24) 39
420: (12:24) 39
421: (12:24) 39
422: (12:24) 39
423: (12:24) 39
424: (12:24) 39
425: (12:24) 39
426: (12:24) 39
427: (12:24) 39
428: (12:24) 39
429: (12:24) 39
430: (12:24) 39
431: (12:24) 39
432: (12:24) 39
433: (12:24) 39
434: (12:24) 39
435: (12:24) 39
436: (12:24) 39
437: (12:24) 39
438: (12:24) 39
439: (12:24) 39
440: (12:24) 39
441: (12:24) 39
442: (12:24) 39
443: (12:24) 39
444: (12:24) 39
445: (12:24) 39
446: (12:24) 39
447: (12:24) 39
448: (12:24) 39
449: (12:24) 39
450: (12:24) 39
451: (12:24) 39
452: (12:24) 39
453: (12:24) 39
454: (12:24) 39
455: (12:24) 39
456: (12:24) 39
457: (12:24) 39
458: (12:24) 39
459: (12:24) 39
460: (12:24) 39
461: (12:24) 39
462: (12:24) 39
463: (12:24) 39
464: (12:24) 40
465: (12:24) 40
466: (12:24) 39
467: (12:24) 39
468: (12:24) 39
469: (12:24) 39
470: (12:24) 39
471: (12:24) 39
472: (12:24) 39
473: (12:24) 39
474: (12:24) 39
475: (12:24) 39
476: (12:24) 39
477: (12:24) 39
478: (12:24) 39
479: (12:24) 39
480: (12:24) 40
481: (12:24) 40
482: (12:24) 40
483: (12:24) 39
484: (12:24) 39
485: (12:24) 39
486: (12:24) 39
487: (12:24) 39
488: (12:24) 39
489: (12:24) 39
490: (12:24) 39
491: (12:24) 39
492: (12:24) 39
493: (12:24) 39
494: (12:24) 39
495: (12:24) 39
496: (12:24) 39
497: (12:24) 39
498: (12:24) 39
499: (12:24) 39
500: (12:24) 39
501: (12:24) 39
502: (12:24) 39
503: (12:24) 39
504: (12:24) 39
505: (12:24) 39
506: (12:24) 39
507: (12:24) 39
508: (12:24) 39
509: (12:24) 39
510: (12:24) 40
511: (12:24) 39
512: (12:24) 39
513: (12:24) 39
514: (12:24) 40
515: (12:24) 39
516: (12:24) 39
517: (12:24) 40
518: (12:24) 39
519: (12:24) 39
520: (12:24) 39
521: (12:24) 40
522: (12:24) 39
523: (12:24) 39
524: (12:24) 39
525: (12:24) 39
526: (12:24) 40
527: (12:24) 40
528: (12:24) 39
529: (12:24) 39
530: (12:24) 39
531: (12:24) 39
532: (12:24) 39
533: (12:24) 40
534: (12:24) 39
535: (12:24) 39
536: (12:24) 39
537: (12:24) 39
538: (12:24) 40
539: (12:24) 39
540: (12:24) 39
541: (12:24) 39
542: (12:24) 39
543: (12:24) 39
544: (12:24) 39
545: (12:24) 39
546: (12:24) 40
547: (12:24) 40
548: (12:24) 40
549: (12:24) 39
550: (12:24) 39
551: (12:24) 39
552: (12:24) 39
553: (12:24) 40
554: (12:24) 39
555: (12:24) 39
556: (12:24) 39
557: (12:24) 39
558: (12:24) 39
559: (12:24) 39
560: (12:24) 39
561: (12:24) 39
562: (12:24) 39
563: (12:24) 39
564: (12:24) 39
565: (12:24) 39
566: (12:24) 39
567: (12:24) 39
568: (12:24) 39
569: (12:24) 39
570: (12:24) 39
571: (12:24) 39
572: (12:24) 39
573: (12:24) 39
574: (12:24) 39
575: (12:24) 39
576: (12:24) 39
577: (12:24) 39
578: (12:24) 39
579: (12:24) 39
580: (12:24) 39
581: (12:24) 39
582: (12:24) 39
583: (12:24) 39
584: (12:24) 39
585: (12:24) 39
586: (12:24) 39
587: (12:24) 39
588: (12:24) 39
589: (12:24) 39
590: (12:24) 39
591: (12:24) 39
592: (12:24) 39
593: (12:24) 39
594: (12:24) 39
595: (12:24) 39
596: (12:24) 39
597: (12:24) 39
598: (12:24) 39
599: (12:24) 39
600: (12:24) 39
601: (12:24) 39
602: (12:24) 39
603: (12:24) 39
604: (12:24) 39
605: (12:24) 39
606: (12:24) 39
607: (12:24) 39
608: (12:24) 39
609: (12:24) 39
610: (12:24) 39
611: (12:24) 39
612: (12:24) 39
613: (12:24) 39
614: (12:24) 39
615: (12:24) 39
616: (12:24) 40
617: (12:24) 39
618: (12:24) 39
619: (12:24) 39
620: (12:24) 39
621: (12:24) 39
622: (12:24) 39
623: (12:24) 39
624: (12:24) 39
625: (12:24) 40
626: (12:24) 40
627: (12:24) 40
628: (12:24) 39
629: (12:24) 39
630: (12:24) 39
631: (12:24) 39
632: (12:24) 39
633: (12:24) 39
634: (12:24) 39
635: (12:24) 39
636: (12:24) 39
637: (12:24) 39
638: (12:24) 39
639: (12:24) 39
640: (12:24) 39
641: (12:24) 39
642: (12:24) 39
643: (12:24) 39
644: (12:24) 39
645: (12:24) 39
646: (12:24) 39
647: (12:24) 39
648: (12:24) 39
649: (12:24) 39
650: (12:24) 39
651: (12:24) 39
652: (12:24) 39
653: (12:24) 39
654: (12:24) 39
655: (12:24) 39
656: (12:24) 39
657: (12:24) 39
658: (12:24) 39
659: (12:24) 39
660: (12:24) 39
661: (12:24) 39
662: (12:24) 39
663: (12:24) 39
664: (12:24) 39
665: (12:24) 39
666: (12:24) 39
667: (12:24) 39
668: (12:24) 39
669: (12:24) 39
670: (12:24) 39
671: (12:24) 39
672: (12:24) 39
673: (12:24) 39
674: (12:24) 39
675: (12:24) 39
676: (12:24) 39
677: (12:24) 39
678: (12:24) 39
679: (12:24) 39
680: (12:24) 39
681: (12:24) 39
682: (12:24) 39
683: (12:24) 39
684: (12:24) 39
685: (12:24) 39
686: (12:24) 39
687: (12:24) 39
688: (12:24) 39
689: (12:24) 39
690: (12:24) 39
691: (12:24) 39
692: (12:24) 39
693: (12:24) 39
694: (12:24) 39
695: (12:24) 39
696: (12:24) 39
697: (12:24) 39
698: (12:24) 39
699: (12:24) 39
700: (12:24) 39
701: (12:24) 39
702: (12:24) 39
703: (12:24) 40
704: (12:24) 40
705: (12:24) 39
706: (12:24) 39
707: (12:24) 39
708: (12:24) 39
709: (12:24) 39
710: (12:24) 39
711: (12:24) 40
712: (12:24) 39
713: (12:24) 39
714: (12:24) 40
715: (12:24) 40
716: (12:24) 39
717: (12:24) 39
718: (12:24) 39
719: (12:24) 39
720: (12:24) 39
721: (12:24) 39
722: (12:24) 39
723: (12:24) 39
724: (12:24) 39
725: (12:24) 39
726: (12:24) 39
727: (12:24) 39
728: (12:24) 40
729: (12:24) 39
730: (12:24) 39
731: (12:24) 39
732: (12:24) 39
733: (12:24) 39
734: (12:24) 40
735: (12:24) 39
736: (12:24) 39
737: (12:24) 39
738: (12:24) 39
739: (12:24) 39
740: (12:24) 39
741: (12:24) 39
742: (12:24) 39
743: (12:24) 39
744: (12:24) 39
745: (12:24) 39
746: (12:24) 39
747: (12:24) 39
748: (12:24) 39
749: (12:24) 39
750: (12:24) 39
751: (12:24) 39
752: (12:24) 39
753: (12:24) 39
754: (12:24) 39
755: (12:24) 39
756: (12:24) 39
757: (12:24) 39
758: (12:24) 39
759: (12:24) 39
760: (12:24) 40
761: (12:24) 39
762: (12:24) 39
763: (12:24) 39
764: (12:24) 39
765: (12:24) 39
766: (12:24) 39
767: (12:24) 39
768: (12:24) 39
769: (12:24) 39
770: (12:24) 39
771: (12:24) 39
772: (12:24) 39
773: (12:24) 39
774: (12:24) 39
775: (12:24) 39
776: (12:24) 39
777: (12:24) 39
778: (12:24) 39
779: (12:24) 39
780: (12:24) 39
781: (12:24) 39
782: (12:24) 39
783: (12:24) 39
784: (12:24) 39
785: (12:24) 39
786: (12:24) 39
787: (12:24) 39
788: (12:24) 39
789: (12:24) 39
790: (12:24) 39
791: (12:24) 39
792: (12:24) 39
793: (12:24) 39
794: (12:24) 39
795: (12:24) 39
796: (12:24) 39
797: (12:24) 39
798: (12:24) 39
799: (12:24) 39
800: (12:24) 39
801: (12:24) 39
802: (12:24) 39
803: (12:24) 39
804: (12:24) 39
805: (12:24) 39
806: (12:24) 39
807: (12:24) 39
808: (12:24) 39
809: (12:24) 39
810: (12:24) 39
811: (12:24) 39
812: (12:24) 39
813: (12:24) 39
814: (12:24) 39
815: (12:24) 39
816: (12:24) 39
817: (12:24) 39
818: (12:24) 39
819: (12:24) 39
820: (12:24) 39
821: (12:24) 39
822: (12:24) 39
823: (12:24) 39
824: (12:24) 39
825: (12:24) 39
826: (12:24) 39
827: (12:24) 39
828: (12:24) 39
829: (12:24) 39
830: (12:24) 39
831: (12:24) 40
832: (12:24) 39
833: (12:24) 39
834: (12:24) 39
835: (12:24) 39
836: (12:24) 40
837: (12:24) 39
838: (12:24) 39
839: (12:24) 39
840: (12:24) 40
841: (12:24) 40
842: (12:24) 40
843: (12:24) 39
844: (12:24) 39
845: (12:24) 39
846: (12:24) 39
847: (12:24) 39
848: (12:24) 40
849: (12:24) 40
850: (12:24) 40
851: (12:24) 39
852: (12:24) 40
853: (12:24) 40
854: (12:24) 40
855: (12:24) 40
856: (12:24) 39
857: (12:24) 40
858: (12:24) 40
859: (12:24) 40
860: (12:24) 40
861: (12:24) 39
862: (12:24) 39
863: (12:24) 39
864: (12:24) 39
865: (12:24) 39
866: (12:24) 39
867: (12:24) 39
868: (12:24) 39
869: (12:24) 39
870: (12:24) 39
871: (12:24) 39
872: (12:24) 39
873: (12:24) 39
874: (12:24) 39
875: (12:24) 39
876: (12:24) 39
877: (12:24) 40
878: (12:24) 39
879: (12:24) 39
880: (12:24) 39
881: (12:24) 39
882: (12:24) 39
883: (12:24) 39
884: (12:24) 39
885: (12:24) 39
886: (12:24) 39
887: (12:24) 39
888: (12:24) 39
889: (12:24) 39
890: (12:24) 39
891: (12:24) 39
892: (12:24) 39
893: (12:24) 39
894: (12:24) 39
895: (12:24) 39
896: (12:24) 39
897: (12:24) 39
898: (12:24) 39
899: (12:24) 39
900: (12:24) 39
901: (12:24) 39
902: (12:24) 39
903: (12:24) 39
904: (12:24) 39
905: (12:24) 40
906: (12:24) 39
907: (12:24) 39
908: (12:24) 39
909: (12:24) 39
910: (12:24) 39
911: (12:24) 39
912: (12:24) 39
913: (12:24) 39
914: (12:24) 39
915: (12:24) 39
916: (12:24) 39
917: (12:24) 39
918: (12:24) 39
919: (12:24) 39
920: (12:24) 39
921: (12:24) 39
922: (12:24) 39
923: (12:24) 39
924: (12:24) 39
925: (12:24) 39
926: (12:24) 39
927: (12:24) 39
928: (12:24) 39
929: (12:24) 39
930: (12:24) 39
931: (12:24) 39
932: (12:24) 39
933: (12:24) 39
934: (12:24) 39
935: (12:24) 40
936: (12:24) 39
937: (12:24) 39
938: (12:24) 39
939: (12:24) 39
940: (12:24) 40
941: (12:24) 39
942: (12:24) 39
943: (12:24) 39
944: (12:24) 39
945: (12:24) 39
946: (12:24) 39
947: (12:24) 39
948: (12:24) 39
949: (12:24) 40
950: (12:24) 40
951: (12:24) 40
952: (12:24) 40
953: (12:24) 39
954: (12:24) 39
955: (12:24) 39
956: (12:24) 39
957: (12:24) 39
958: (12:24) 39
959: (12:24) 39
960: (12:24) 39
961: (12:24) 39
962: (12:24) 39
963: (12:24) 39
964: (12:24) 39
965: (12:24) 39
966: (12:24) 39
967: (12:24) 39
968: (12:24) 39
969: (12:24) 39
970: (12:24) 39
971: (12:24) 40
972: (12:24) 39
973: (12:24) 39
974: (12:24) 39
975: (12:24) 40
976: (12:24) 39
977: (12:24) 39
978: (12:24) 39
979: (12:24) 40
980: (12:24) 39
981: (12:24) 39
982: (12:24) 39
983: (12:24) 39
984: (12:24) 39
985: (12:24) 39
986: (12:24) 39
987: (12:24) 39
988: (12:24) 39
989: (12:24) 39
990: (12:24) 39
991: (12:24) 39
992: (12:24) 40
993: (12:24) 40
994: (12:24) 40
995: (12:24) 40
996: (12:24) 39
997: (12:24) 39
998: (12:24) 39
999: (12:24) 39
1000: (12:24) 40
1001: (12:24) 40
1002: (12:24) 40
1003: (12:24) 40
1004: (12:24) 40
1005: (12:24) 40
1006: (12:24) 40
1007: (12:24) 39
1008: (12:24) 40
1009: (12:24) 40
1010: (12:24) 40
1011: (12:24) 39
1012: (12:24) 39
1013: (12:24) 39
1014: (12:24) 39
1015: (12:24) 39
1016: (12:24) 39
1017: (12:24) 39
1018: (12:24) 39
1019: (12:24) 39
1020: (12:24) 39
1021: (12:24) 39
1022: (12:24) 39
1023: (12:24) 39
1024: (12:24) 39
1025: (12:24) 39
1026: (12:24) 39
1027: (12:24) 39
1028: (12:24) 39
1029: (12:24) 39
1030: (12:24) 40
1031: (12:24) 40
1032: (12:24) 40
1033: (12:24) 39
1034: (12:24) 39
1035: (12:24) 40
1036: (12:24) 40
1037: (12:24) 39
1038: (12:24) 39
1039: (12:24) 39
1040: (12:24) 39
1041: (12:24) 39
1042: (12:24) 39
1043: (12:24) 39
1044: (12:24) 39
1045: (12:24) 39
1046: (12:24) 39
1047: (12:24) 39
1048: (12:24) 39
1049: (12:24) 39
1050: (12:24) 39
1051: (12:24) 39
1052: (12:24) 39
1053: (12:24) 39
1054: (12:24) 39
1055: (12:24) 39
1056: (12:24) 39
1057: (12:24) 39
1058: (12:24) 40
1059: (12:24) 40
1060: (12:24) 39
1061: (12:24) 39
1062: (12:24) 39
1063: (12:24) 39
1064: (12:24) 39
1065: (12:24) 39
1066: (12:24) 39
1067: (12:24) 39
1068: (12:24) 39
1069: (12:24) 39
1070: (12:24) 39
1071: (12:24) 39
1072: (12:24) 39
1073: (12:24) 39
1074: (12:24) 39
1075: (12:24) 39
1076: (12:24) 39
1077: (12:24) 39
1078: (12:24) 39
1079: (12:24) 39
1080: (12:24) 39
1081: (12:24) 39
1082: (12:24) 39
1083: (12:24) 39
1084: (12:24) 39
1085: (12:24) 39
1086: (12:24) 39
1087: (12:24) 39
1088: (12:24) 39
1089: (12:24) 39
1090: (12:24) 39
1091: (12:24) 39
1092: (12:24) 39
1093: (12:24) 40
1094: (12:24) 40
1095: (12:24) 40
1096: (12:24) 39
1097: (12:24) 39
1098: (12:24) 39
1099: (12:25) 39
1100: (12:25) 39
1101: (12:25) 39
1102: (12:25) 39
1103: (12:25) 39
1104: (12:25) 39
1105: (12:25) 39
1106: (12:25) 39
1107: (12:25) 39
1108: (12:25) 39
1109: (12:25) 39
1110: (12:25) 39
1111: (12:25) 39
1112: (12:25) 39
1113: (12:25) 39
1114: (12:25) 39
1115: (12:25) 39
1116: (12:25) 39
1117: (12:25) 39
1118: (12:25) 39
1119: (12:25) 39
1120: (12:25) 39
1121: (12:25) 39
1122: (12:25) 40
1123: (12:25) 40
1124: (12:25) 40
1125: (12:25) 40
1126: (12:25) 40
1127: (12:25) 40
1128: (12:25) 39
1129: (12:25) 39
1130: (12:25) 39
1131: (12:25) 40
1132: (12:25) 40
1133: (12:25) 40
1134: (12:25) 40
1135: (12:25) 40
1136: (12:25) 40
1137: (12:25) 39
1138: (12:25) 39
1139: (12:25) 39
1140: (12:25) 39
1141: (12:25) 39
1142: (12:25) 39
1143: (12:25) 39
1144: (12:25) 40
1145: (12:25) 40
1146: (12:25) 40
1147: (12:25) 40
1148: (12:25) 39
1149: (12:25) 40
1150: (12:25) 40
1151: (12:25) 40
1152: (12:25) 40
1153: (12:25) 40
1154: (12:25) 40
1155: (12:25) 39
1156: (12:25) 39
1157: (12:25) 40
1158: (12:25) 40
1159: (12:25) 39
1160: (12:25) 39
1161: (12:25) 39
1162: (12:25) 40
1163: (12:25) 40
1164: (12:25) 40
1165: (12:25) 39
1166: (12:25) 39
1167: (12:25) 39
1168: (12:25) 39
1169: (12:25) 39
1170: (12:25) 39
1171: (12:25) 39
1172: (12:25) 39
1173: (12:25) 39
1174: (12:25) 39
1175: (12:25) 40
1176: (12:25) 40
1177: (12:25) 40
1178: (12:25) 39
1179: (12:25) 39
1180: (12:25) 40
1181: (12:25) 40
1182: (12:25) 39
1183: (12:25) 39
1184: (12:25) 40
1185: (12:25) 40
1186: (12:25) 39
1187: (12:25) 39
1188: (12:25) 39
1189: (12:25) 40
1190: (12:25) 40
1191: (12:25) 40
1192: (12:25) 40
1193: (12:25) 39
1194: (12:25) 39
1195: (12:25) 39
1196: (12:25) 39
1197: (12:25) 40
1198: (12:25) 40
1199: (12:25) 40
1200: (12:25) 40
1201: (12:25) 39
1202: (12:25) 39
1203: (12:25) 40
1204: (12:25) 40
1205: (12:25) 39
1206: (12:25) 39
1207: (12:25) 39
1208: (12:25) 40
1209: (12:25) 40
1210: (12:25) 40
1211: (12:25) 39
1212: (12:25) 39
1213: (12:25) 40
1214: (12:25) 40
1215: (12:25) 40
1216: (12:25) 40
1217: (12:25) 40
1218: (12:25) 40
1219: (12:25) 39
1220: (12:25) 40
1221: (12:25) 40
1222: (12:25) 40
1223: (12:25) 40
1224: (12:25) 40
1225: (12:25) 39
1226: (12:25) 39
1227: (12:25) 39
1228: (12:25) 40
1229: (12:25) 40
1230: (12:25) 40
1231: (12:25) 40
1232: (12:25) 40
1233: (12:25) 40
1234: (12:25) 40
1235: (12:25) 40
1236: (12:25) 40
1237: (12:25) 39
1238: (12:25) 39
1239: (12:25) 39
1240: (12:25) 39
1241: (12:25) 39
1242: (12:25) 39
1243: (12:25) 39
1244: (12:25) 39
1245: (12:25) 40
1246: (12:25) 40
1247: (12:25) 40
1248: (12:25) 39
1249: (12:25) 39
1250: (12:25) 40
1251: (12:25) 40
1252: (12:25) 40
1253: (12:25) 40
1254: (12:25) 40
1255: (12:25) 39
1256: (12:25) 40
1257: (12:25) 40
1258: (12:25) 40
1259: (12:25) 40
1260: (12:25) 40
1261: (12:25) 39
1262: (12:25) 39
1263: (12:25) 40
1264: (12:25) 40
1265: (12:25) 40
1266: (12:25) 40
1267: (12:25) 40
1268: (12:25) 40
1269: (12:25) 40
1270: (12:25) 40
1271: (12:25) 39
1272: (12:25) 39
1273: (12:25) 39
1274: (12:25) 40
1275: (12:25) 40
1276: (12:25) 39
1277: (12:25) 39
1278: (12:25) 40
1279: (12:25) 40
1280: (12:25) 40
1281: (12:25) 39
1282: (12:25) 39
1283: (12:25) 39
1284: (12:25) 40
1285: (12:25) 40
1286: (12:25) 40
1287: (12:25) 40
1288: (12:25) 39
1289: (12:25) 40
1290: (12:25) 40
1291: (12:25) 40
1292: (12:25) 40
1293: (12:25) 40
1294: (12:25) 40
1295: (12:25) 39
1296: (12:25) 40
1297: (12:25) 39
1298: (12:25) 39
1299: (12:25) 39
1300: (12:25) 39
1301: (12:25) 40
1302: (12:25) 40
1303: (12:25) 39
1304: (12:25) 39
1305: (12:25) 40
1306: (12:25) 40
1307: (12:25) 40
1308: (12:25) 40
1309: (12:25) 40
1310: (12:25) 40
1311: (12:25) 40
1312: (12:25) 40
1313: (12:25) 40
1314: (12:25) 40
1315: (12:25) 40
1316: (12:25) 40
1317: (12:25) 40
1318: (12:25) 40
1319: (12:25) 40
1320: (12:25) 40
1321: (12:25) 40
1322: (12:25) 40
1323: (12:25) 39
1324: (12:25) 39
1325: (12:25) 39
1326: (12:25) 39
1327: (12:25) 40
1328: (12:25) 40
1329: (12:25) 40
1330: (12:25) 40
1331: (12:25) 39
1332: (12:25) 39
1333: (12:25) 39
1334: (12:25) 39
1335: (12:25) 39
1336: (12:25) 40
1337: (12:25) 39
1338: (12:25) 39
1339: (12:25) 39
1340: (12:25) 40
1341: (12:25) 40
1342: (12:25) 40
1343: (12:25) 40
1344: (12:25) 40
1345: (12:25) 40
1346: (12:25) 40
1347: (12:25) 40
1348: (12:25) 40
1349: (12:25) 39
1350: (12:25) 40
1351: (12:25) 40
1352: (12:25) 40
1353: (12:25) 40
1354: (12:25) 40
1355: (12:25) 40
1356: (12:25) 40
1357: (12:25) 40
1358: (12:25) 40
1359: (12:25) 40
1360: (12:25) 40
1361: (12:25) 40
1362: (12:25) 40
1363: (12:25) 40
1364: (12:25) 40
1365: (12:25) 40
1366: (12:25) 40
1367: (12:25) 40
1368: (12:25) 40
1369: (12:25) 39
1370: (12:25) 39
1371: (12:25) 40
1372: (12:25) 39
1373: (12:25) 40
1374: (12:25) 40
1375: (12:25) 40
1376: (12:25) 39
1377: (12:25) 39
1378: (12:25) 39
1379: (12:25) 39
1380: (12:25) 40
1381: (12:25) 40
1382: (12:25) 40
1383: (12:25) 40
1384: (12:25) 40
1385: (12:25) 40
1386: (12:25) 40
1387: (12:25) 40
1388: (12:25) 40
1389: (12:25) 39
1390: (12:25) 39
1391: (12:25) 39
1392: (12:25) 40
1393: (12:25) 40
1394: (12:25) 39
1395: (12:25) 39
1396: (12:25) 40
1397: (12:25) 40
1398: (12:25) 40
1399: (12:25) 40
1400: (12:25) 40
1401: (12:25) 39
1402: (12:25) 39
1403: (12:25) 40
1404: (12:25) 40
1405: (12:25) 40
1406: (12:25) 39
1407: (12:25) 39
1408: (12:25) 39
1409: (12:25) 39
1410: (12:25) 40
1411: (12:25) 40
1412: (12:25) 39
1413: (12:25) 39
1414: (12:25) 39
1415: (12:25) 40
1416: (12:25) 40
1417: (12:25) 40
1418: (12:25) 39
1419: (12:25) 39
1420: (12:25) 40
1421: (12:25) 39
1422: (12:25) 39
1423: (12:25) 39
1424: (12:25) 39
1425: (12:25) 40
1426: (12:25) 40
1427: (12:25) 40
1428: (12:25) 39
1429: (12:25) 39
1430: (12:25) 39
1431: (12:25) 40
1432: (12:25) 40
1433: (12:25) 40
1434: (12:25) 39
1435: (12:25) 39
1436: (12:25) 40
1437: (12:25) 40
1438: (12:25) 40
1439: (12:25) 40
1440: (12:25) 40
1441: (12:25) 39
1442: (12:25) 39
1443: (12:25) 39
1444: (12:25) 40
1445: (12:25) 40
1446: (12:25) 39
1447: (12:25) 40
1448: (12:25) 40
1449: (12:25) 40
1450: (12:25) 40
1451: (12:25) 39
1452: (12:25) 39
1453: (12:25) 39
1454: (12:25) 39
1455: (12:25) 39
1456: (12:25) 39
1457: (12:25) 39
1458: (12:25) 39
1459: (12:25) 39
1460: (12:25) 39
1461: (12:25) 39
1462: (12:25) 39
1463: (12:25) 39
1464: (12:25) 39
1465: (12:25) 39
1466: (12:25) 39
1467: (12:25) 39
1468: (12:25) 39
1469: (12:25) 39
1470: (12:25) 39
1471: (12:25) 39
1472: (12:25) 39
1473: (12:25) 39
1474: (12:25) 39
1475: (12:25) 39
1476: (12:25) 39
1477: (12:25) 39
1478: (12:25) 39
1479: (12:25) 39
1480: (12:25) 40
1481: (12:25) 40
1482: (12:25) 39
1483: (12:25) 39
1484: (12:25) 40
1485: (12:25) 40
1486: (12:25) 39
1487: (12:25) 39
1488: (12:25) 39
1489: (12:25) 39
1490: (12:25) 39
1491: (12:25) 39
1492: (12:25) 39
1493: (12:25) 39
1494: (12:25) 39
1495: (12:25) 39
1496: (12:25) 39
1497: (12:25) 40
1498: (12:25) 40
1499: (12:25) 39
1500: (12:25) 39
1501: (12:25) 39
1502: (12:25) 39
1503: (12:25) 39
1504: (12:25) 39
1505: (12:25) 39
1506: (12:25) 39
1507: (12:25) 39
1508: (12:25) 39
1509: (12:25) 39
1510: (12:25) 39
1511: (12:25) 39
1512: (12:25) 39
1513: (12:25) 40
1514: (12:25) 40
1515: (12:25) 40
1516: (12:25) 39
1517: (12:25) 40
1518: (12:25) 40
1519: (12:25) 39
1520: (12:25) 39
1521: (12:25) 39
1522: (12:25) 39
1523: (12:25) 39
1524: (12:25) 39
1525: (12:25) 39
1526: (12:25) 40
1527: (12:25) 40
1528: (12:25) 39
1529: (12:25) 39
1530: (12:25) 39
1531: (12:25) 39
1532: (12:25) 39
1533: (12:25) 39
1534: (12:25) 39
1535: (12:25) 39
1536: (12:25) 39
1537: (12:25) 39
1538: (12:25) 39
1539: (12:25) 39
1540: (12:25) 39
1541: (12:25) 39
1542: (12:25) 40
1543: (12:25) 39
1544: (12:25) 39
1545: (12:25) 39
1546: (12:25) 39
1547: (12:25) 39
1548: (12:25) 39
1549: (12:25) 39
1550: (12:25) 39
1551: (12:25) 39
1552: (12:25) 39
1553: (12:25) 39
1554: (12:25) 39
1555: (12:25) 39
1556: (12:25) 39
1557: (12:25) 39
1558: (12:25) 39
1559: (12:25) 39
1560: (12:25) 39
1561: (12:25) 39
1562: (12:25) 39
1563: (12:25) 39
1564: (12:25) 39
1565: (12:25) 39
1566: (12:25) 39
1567: (12:25) 39
1568: (12:25) 39
1569: (12:25) 39
1570: (12:25) 39
1571: (12:25) 39
1572: (12:25) 39
1573: (12:25) 39
1574: (12:25) 39
1575: (12:25) 39
1576: (12:25) 40
1577: (12:25) 40
1578: (12:25) 39
1579: (12:25) 39
1580: (12:25) 39
1581: (12:25) 39
1582: (12:25) 39
1583: (12:25) 40
1584: (12:25) 40
1585: (12:25) 40
1586: (12:25) 40
1587: (12:25) 39
1588: (12:25) 39
1589: (12:25) 39
1590: (12:25) 39
1591: (12:25) 40
1592: (12:25) 40
1593: (12:25) 40
1594: (12:25) 39
1595: (12:25) 39
1596: (12:25) 39
1597: (12:25) 39
1598: (12:25) 39
1599: (12:25) 39
1600: (12:25) 39
1601: (12:25) 39
1602: (12:25) 39
1603: (12:25) 39
1604: (12:25) 39
1605: (12:25) 39
1606: (12:25) 39
1607: (12:25) 39
1608: (12:25) 39
1609: (12:25) 40
1610: (12:25) 39
1611: (12:25) 39
1612: (12:25) 39
1613: (12:25) 39
1614: (12:25) 40
1615: (12:25) 40
1616: (12:25) 39
1617: (12:25) 39
1618: (12:25) 40
1619: (12:25) 40
1620: (12:25) 40
1621: (12:25) 39
1622: (12:25) 39
1623: (12:25) 39
1624: (12:25) 39
1625: (12:25) 39
1626: (12:25) 40
1627: (12:25) 39
1628: (12:25) 39
1629: (12:25) 39
1630: (12:25) 39
1631: (12:25) 39
1632: (12:25) 39
1633: (12:25) 39
1634: (12:25) 39
1635: (12:25) 39
1636: (12:25) 39
1637: (12:25) 40
1638: (12:25) 40
1639: (12:25) 39
1640: (12:25) 39
1641: (12:25) 40
1642: (12:25) 40
1643: (12:25) 40
1644: (12:25) 40
1645: (12:25) 39
1646: (12:25) 39
1647: (12:25) 39
1648: (12:25) 39
1649: (12:25) 39
1650: (12:25) 40
1651: (12:25) 39
1652: (12:25) 39
1653: (12:25) 39
1654: (12:25) 39
1655: (12:25) 40
1656: (12:25) 39
1657: (12:25) 39
1658: (12:25) 40
1659: (12:25) 39
1660: (12:25) 39
1661: (12:25) 39
1662: (12:25) 39
1663: (12:25) 39
1664: (12:25) 40
1665: (12:25) 40
1666: (12:25) 39
1667: (12:25) 39
1668: (12:25) 39
1669: (12:25) 39
1670: (12:25) 39
1671: (12:25) 39
1672: (12:25) 39
1673: (12:25) 39
1674: (12:25) 39
1675: (12:25) 39
1676: (12:25) 39
1677: (12:25) 39
1678: (12:25) 39
1679: (12:25) 39
1680: (12:25) 39
1681: (12:25) 39
1682: (12:25) 39
1683: (12:25) 39
1684: (12:25) 39
1685: (12:25) 39
1686: (12:25) 39
1687: (12:25) 39
1688: (12:25) 40
1689: (12:25) 39
1690: (12:25) 39
1691: (12:25) 39
1692: (12:25) 40
1693: (12:25) 40
1694: (12:25) 39
1695: (12:25) 39
1696: (12:25) 39
1697: (12:25) 39
1698: (12:25) 39
1699: (12:25) 40
1700: (12:25) 40
1701: (12:25) 39
1702: (12:25) 39
1703: (12:25) 39
1704: (12:25) 39
1705: (12:25) 39
1706: (12:25) 39
1707: (12:25) 39
1708: (12:25) 39
1709: (12:25) 39
1710: (12:25) 39
1711: (12:25) 39
1712: (12:25) 39
1713: (12:25) 39
1714: (12:25) 39
1715: (12:25) 39
1716: (12:25) 39
1717: (12:25) 39
1718: (12:25) 39
1719: (12:25) 39
1720: (12:25) 39
1721: (12:25) 39
1722: (12:25) 39
1723: (12:25) 39
1724: (12:25) 39
1725: (12:25) 39
1726: (12:25) 39
1727: (12:25) 39
1728: (12:25) 39
1729: (12:25) 39
1730: (12:25) 39
1731: (12:25) 39
1732: (12:25) 39
1733: (12:25) 39
1734: (12:25) 39
1735: (12:25) 39
1736: (12:25) 39
1737: (12:25) 39
1738: (12:25) 39
1739: (12:25) 39
1740: (12:25) 39
1741: (12:25) 39
1742: (12:25) 39
1743: (12:25) 39
1744: (12:25) 39
1745: (12:25) 39
1746: (12:25) 39
1747: (12:25) 39
1748: (12:25) 39
1749: (12:25) 39
1750: (12:25) 39
1751: (12:25) 39
1752: (12:25) 39
1753: (12:25) 39
1754: (12:25) 39
1755: (12:25) 39
1756: (12:25) 39
1757: (12:25) 39
1758: (12:25) 39
1759: (12:25) 39
1760: (12:25) 39
1761: (12:25) 39
1762: (12:25) 39
1763: (12:25) 39
1764: (12:25) 39
1765: (12:25) 39
1766: (12:25) 39
1767: (12:25) 39
1768: (12:25) 39
1769: (12:25) 39
1770: (12:25) 39
1771: (12:25) 39
1772: (12:25) 40
1773: (12:25) 39
1774: (12:25) 39
1775: (12:25) 39
1776: (12:25) 39
1777: (12:25) 39
1778: (12:25) 39
1779: (12:25) 40
1780: (12:25) 40
1781: (12:25) 39
1782: (12:25) 39
1783: (12:25) 39
1784: (12:25) 39
1785: (12:25) 39
1786: (12:25) 39
1787: (12:25) 39
1788: (12:25) 39
1789: (12:25) 39
1790: (12:25) 40
1791: (12:25) 39
1792: (12:25) 39
1793: (12:25) 39
1794: (12:25) 39
1795: (12:25) 40
1796: (12:25) 39
1797: (12:25) 39
1798: (12:25) 39
1799: (12:25) 39
1800: (12:25) 39
1801: (12:25) 40
1802: (12:25) 39
1803: (12:25) 39
1804: (12:25) 39
1805: (12:25) 39
1806: (12:25) 39
1807: (12:25) 39
1808: (12:25) 39
1809: (12:25) 39
1810: (12:25) 39
1811: (12:25) 39
1812: (12:25) 39
1813: (12:25) 39
1814: (12:25) 39
1815: (12:25) 39
1816: (12:25) 39
1817: (12:25) 39
1818: (12:25) 39
1819: (12:25) 39
1820: (12:25) 39
1821: (12:25) 39
1822: (12:25) 39
1823: (12:25) 39
1824: (12:25) 39
1825: (12:25) 39
1826: (12:25) 39
1827: (12:25) 39
1828: (12:25) 39
1829: (12:25) 39
1830: (12:25) 39
1831: (12:25) 39
1832: (12:25) 39
1833: (12:25) 39
1834: (12:25) 39
1835: (12:25) 39
1836: (12:25) 39
1837: (12:25) 39
1838: (12:25) 39
1839: (12:25) 39
1840: (12:25) 39
1841: (12:25) 39
1842: (12:25) 39
1843: (12:25) 39
1844: (12:25) 39
1845: (12:25) 39
1846: (12:25) 39
1847: (12:25) 39
1848: (12:25) 39
1849: (12:25) 39
1850: (12:25) 39
1851: (12:25) 39
1852: (12:25) 39
1853: (12:25) 39
1854: (12:25) 39
1855: (12:25) 39
1856: (12:25) 39
1857: (12:25) 39
1858: (12:25) 39
1859: (12:25) 39
1860: (12:25) 39
1861: (12:25) 39
1862: (12:25) 39
1863: (12:25) 39
1864: (12:25) 39
1865: (12:25) 39
1866: (12:25) 39
1867: (12:25) 39
1868: (12:25) 39
1869: (12:25) 39
1870: (12:25) 39
1871: (12:25) 39
1872: (12:25) 39
1873: (12:25) 39
1874: (12:25) 39
1875: (12:25) 39
1876: (12:25) 39
1877: (12:25) 39
1878: (12:25) 39
1879: (12:25) 39
1880: (12:25) 39
1881: (12:25) 39
1882: (12:25) 39
1883: (12:25) 39
1884: (12:25) 39
1885: (12:25) 39
1886: (12:25) 39
1887: (12:25) 39
1888: (12:25) 39
1889: (12:25) 39
1890: (12:25) 39
1891: (12:25) 39
1892: (12:25) 39
1893: (12:25) 39
1894: (12:25) 39
1895: (12:25) 39
1896: (12:25) 39
1897: (12:25) 39
1898: (12:25) 39
1899: (12:25) 39
1900: (12:25) 39
1901: (12:25) 39
1902: (12:25) 39
1903: (12:25) 39
1904: (12:25) 39
1905: (12:25) 39
1906: (12:25) 39
1907: (12:25) 39
1908: (12:25) 39
1909: (12:25) 39
1910: (12:25) 39
1911: (12:25) 39
1912: (12:25) 39
1913: (12:25) 39
1914: (12:25) 39
1915: (12:25) 39
1916: (12:25) 39
1917: (12:25) 39
1918: (12:25) 39
1919: (12:25) 39
1920: (12:25) 39
1921: (12:25) 39
1922: (12:25) 39
1923: (12:25) 39
1924: (12:25) 39
1925: (12:25) 39
1926: (12:25) 39
1927: (12:25) 39
1928: (12:25) 39
1929: (12:25) 39
1930: (12:25) 39
1931: (12:25) 39
1932: (12:25) 39
1933: (12:25) 39
1934: (12:25) 39
1935: (12:25) 39
1936: (12:25) 39
1937: (12:25) 39
1938: (12:25) 39
1939: (12:25) 39
1940: (12:25) 39
1941: (12:25) 39
1942: (12:25) 39
1943: (12:25) 39
1944: (12:25) 39
1945: (12:25) 39
1946: (12:25) 39
1947: (12:25) 39
1948: (12:25) 39
1949: (12:25) 40
1950: (12:25) 39
1951: (12:25) 39
1952: (12:25) 39
1953: (12:25) 39
1954: (12:25) 39
1955: (12:25) 39
1956: (12:25) 39
1957: (12:25) 39
1958: (12:25) 39
1959: (12:25) 39
1960: (12:25) 39
1961: (12:25) 39
1962: (12:25) 39
1963: (12:25) 39
1964: (12:25) 39
1965: (12:25) 39
1966: (12:25) 39
1967: (12:25) 39
1968: (12:25) 39
1969: (12:25) 39
1970: (12:25) 39
1971: (12:25) 39
1972: (12:25) 39
1973: (12:25) 39
1974: (12:25) 39
1975: (12:25) 39
1976: (12:25) 39
1977: (12:25) 39
1978: (12:25) 39
1979: (12:25) 39
1980: (12:25) 39
1981: (12:25) 39
1982: (12:25) 39
1983: (12:25) 39
1984: (12:25) 39
1985: (12:25) 39
1986: (12:25) 39
1987: (12:25) 39
1988: (12:25) 39
1989: (12:25) 39
1990: (12:25) 39
1991: (12:25) 39
1992: (12:25) 39
1993: (12:25) 39
1994: (12:25) 39
1995: (12:25) 39
1996: (12:25) 39
1997: (12:25) 39
1998: (12:25) 39
1999: (12:25) 39
2000: (12:25) 39
2001: (12:25) 39
2002: (12:25) 39
2003: (12:25) 39
2004: (12:25) 39
2005: (12:25) 39
2006: (12:25) 39
2007: (12:25) 39
2008: (12:25) 39
2009: (12:25) 39
2010: (12:25) 39
2011: (12:25) 39
2012: (12:25) 39
2013: (12:25) 39
2014: (12:25) 39
2015: (12:25) 39
2016: (12:25) 39
2017: (12:25) 39
2018: (12:25) 39
2019: (12:25) 39
2020: (12:25) 39
2021: (12:25) 39
2022: (12:25) 39
2023: (12:25) 39
2024: (12:25) 39
2025: (12:25) 39
2026: (12:25) 39
2027: (12:25) 39
2028: (12:25) 39
2029: (12:25) 39
2030: (12:25) 39
2031: (12:25) 39
2032: (12:25) 39
2033: (12:25) 39
2034: (12:25) 39
2035: (12:25) 39
2036: (12:25) 39
2037: (12:25) 39
2038: (12:25) 39
2039: (12:25) 39
2040: (12:25) 39
2041: (12:25) 39
2042: (12:25) 39
2043: (12:25) 39
2044: (12:25) 39
2045: (12:25) 39
2046: (12:25) 39
2047: (12:25) 39
2048: (12:25) 39
2049: (12:25) 39
2050: (12:25) 40
2051: (12:25) 39
2052: (12:25) 39
2053: (12:25) 39
2054: (12:25) 39
2055: (12:25) 39
2056: (12:25) 39
2057: (12:25) 39
2058: (12:25) 39
2059: (12:25) 39
2060: (12:25) 39
2061: (12:25) 39
2062: (12:25) 39
2063: (12:25) 40
2064: (12:25) 39
2065: (12:25) 39
2066: (12:25) 39
2067: (12:25) 39
2068: (12:25) 39
2069: (12:25) 39
2070: (12:25) 39
2071: (12:25) 39
2072: (12:25) 39
2073: (12:25) 39
2074: (12:25) 39
2075: (12:25) 39
2076: (12:25) 39
2077: (12:25) 39
2078: (12:25) 39
2079: (12:25) 39
2080: (12:25) 39
2081: (12:25) 39
2082: (12:25) 39
2083: (12:25) 39
2084: (12:25) 39
2085: (12:25) 39
2086: (12:25) 39
2087: (12:25) 39
2088: (12:25) 39
2089: (12:25) 39
2090: (12:25) 39
2091: (12:25) 39
2092: (12:25) 39
2093: (12:25) 39
2094: (12:25) 39
2095: (12:25) 39
2096: (12:25) 39
2097: (12:25) 39
2098: (12:25) 39
2099: (12:25) 39
2100: (12:25) 39
2101: (12:25) 39
2102: (12:25) 39
2103: (12:25) 39
2104: (12:25) 39
2105: (12:25) 39
2106: (12:25) 39
2107: (12:25) 39
2108: (12:25) 40
2109: (12:25) 39
2110: (12:25) 39
2111: (12:25) 39
2112: (12:25) 39
2113: (12:25) 39
2114: (12:25) 39
2115: (12:25) 39
2116: (12:25) 39
2117: (12:25) 39
2118: (12:25) 40
2119: (12:25) 39
2120: (12:25) 39
2121: (12:25) 39
2122: (12:25) 39
2123: (12:25) 39
2124: (12:25) 39
2125: (12:25) 39
2126: (12:25) 39
2127: (12:25) 39
2128: (12:25) 39
2129: (12:25) 39
2130: (12:25) 39
2131: (12:25) 39
2132: (12:25) 39
2133: (12:25) 40
2134: (12:25) 40
2135: (12:25) 39
2136: (12:25) 39
2137: (12:25) 39
2138: (12:25) 39
2139: (12:25) 39
2140: (12:25) 39
2141: (12:25) 39
2142: (12:25) 39
2143: (12:25) 39
2144: (12:25) 39
2145: (12:25) 39
2146: (12:25) 39
2147: (12:25) 39
2148: (12:25) 39
2149: (12:25) 39
2150: (12:25) 39
2151: (12:25) 39
2152: (12:25) 39
2153: (12:25) 39
2154: (12:25) 39
2155: (12:25) 39
2156: (12:25) 39
2157: (12:25) 39
2158: (12:25) 39
2159: (12:25) 39
2160: (12:25) 39
2161: (12:25) 39
2162: (12:25) 39
2163: (12:25) 39
2164: (12:25) 39
2165: (12:25) 39
2166: (12:25) 39
2167: (12:25) 39
2168: (12:25) 39
2169: (12:25) 39
2170: (12:25) 39
2171: (12:25) 39
2172: (12:25) 39
2173: (12:25) 39
2174: (12:25) 39
2175: (12:25) 39
2176: (12:25) 39
2177: (12:25) 39
2178: (12:25) 39
2179: (12:25) 39
2180: (12:25) 39
2181: (12:25) 39
2182: (12:25) 39
2183: (12:25) 39
2184: (12:25) 40
2185: (12:25) 39
2186: (12:25) 39
2187: (12:25) 39
2188: (12:25) 39
2189: (12:25) 40
2190: (12:25) 40
2191: (12:25) 40
2192: (12:25) 39
2193: (12:25) 39
2194: (12:25) 39
2195: (12:25) 39
2196: (12:25) 39
2197: (12:25) 39
2198: (12:25) 39
2199: (12:25) 39
2200: (12:25) 39
2201: (12:25) 39
2202: (12:25) 39
2203: (12:25) 39
2204: (12:25) 39
2205: (12:25) 39
2206: (12:25) 39
2207: (12:25) 39
2208: (12:25) 39
2209: (12:25) 39
2210: (12:25) 39
2211: (12:25) 39
2212: (12:25) 40
2213: (12:25) 39
2214: (12:25) 39
2215: (12:25) 39
2216: (12:25) 39
2217: (12:25) 39
2218: (12:25) 39
2219: (12:25) 39
2220: (12:25) 39
2221: (12:25) 39
2222: (12:25) 39
2223: (12:25) 39
2224: (12:25) 39
2225: (12:25) 39
2226: (12:25) 39
2227: (12:25) 39
2228: (12:25) 39
2229: (12:25) 39
2230: (12:25) 39
2231: (12:25) 39
2232: (12:25) 39
2233: (12:25) 40
2234: (12:25) 40
2235: (12:25) 40
2236: (12:25) 39
2237: (12:25) 39
2238: (12:25) 39
2239: (12:25) 39
2240: (12:25) 39
2241: (12:25) 39
2242: (12:25) 39
2243: (12:25) 39
2244: (12:25) 39
2245: (12:25) 39
2246: (12:25) 39
2247: (12:25) 39
2248: (12:25) 39
2249: (12:25) 39
2250: (12:25) 39
2251: (12:25) 39
2252: (12:25) 39
2253: (12:25) 39
2254: (12:25) 39
2255: (12:25) 39
2256: (12:25) 39
2257: (12:25) 39
2258: (12:25) 40
2259: (12:25) 39
2260: (12:25) 39
2261: (12:25) 39
2262: (12:25) 39
2263: (12:25) 39
2264: (12:25) 39
2265: (12:25) 39
2266: (12:25) 39
2267: (12:25) 39
2268: (12:25) 39
2269: (12:25) 39
2270: (12:25) 39
2271: (12:25) 39
2272: (12:25) 39
2273: (12:25) 39
2274: (12:25) 39
2275: (12:25) 39
2276: (12:25) 39
2277: (12:25) 39
2278: (12:25) 39
2279: (12:25) 40
2280: (12:25) 39
2281: (12:25) 39
2282: (12:25) 39
2283: (12:25) 39
2284: (12:25) 40
2285: (12:25) 40
2286: (12:25) 39
2287: (12:25) 39
2288: (12:25) 39
2289: (12:25) 39
2290: (12:25) 39
2291: (12:25) 40
2292: (12:25) 22873
2293: (12:25) 39
2294: (12:25) 39
2295: (12:25) 39
2296: (12:25) 39
2297: (12:25) 39
2298: (12:25) 39
2299: (12:25) 39
2300: (12:25) 39
2301: (12:25) 39
2302: (12:25) 39
2303: (12:25) 39
2304: (12:25) 39
2305: (12:25) 39
2306: (12:25) 39
2307: (12:25) 39
2308: (12:25) 39
2309: (12:25) 39
2310: (12:25) 39
2311: (12:25) 39
2312: (12:25) 39
2313: (12:25) 39
2314: (12:25) 39
2315: (12:25) 39
2316: (12:25) 39
2317: (12:25) 39
2318: (12:25) 39
2319: (12:25) 39
2320: (12:25) 39
2321: (12:25) 39
2322: (12:25) 39
2323: (12:25) 40
2324: (12:25) 40
2325: (12:25) 39
2326: (12:25) 39
2327: (12:25) 39
2328: (12:25) 39
2329: (12:25) 39
2330: (12:25) 39
2331: (12:25) 39
2332: (12:25) 39
2333: (12:25) 39
2334: (12:25) 39
2335: (12:25) 39
2336: (12:25) 39
2337: (12:25) 39
2338: (12:25) 39
2339: (12:25) 39
2340: (12:25) 39
2341: (12:25) 39
2342: (12:25) 39
2343: (12:25) 39
2344: (12:25) 39
2345: (12:25) 39
2346: (12:25) 39
2347: (12:25) 39
2348: (12:25) 39
2349: (12:25) 39
2350: (12:25) 39
2351: (12:25) 39
2352: (12:25) 39
2353: (12:25) 40
2354: (12:25) 40
2355: (12:25) 39
2356: (12:25) 39
2357: (12:25) 39
2358: (12:25) 40
2359: (12:25) 39
2360: (12:25) 39
2361: (12:25) 39
2362: (12:25) 39
2363: (12:25) 39
2364: (12:25) 39
2365: (12:25) 39
2366: (12:25) 39
2367: (12:25) 39
2368: (12:25) 39
2369: (12:25) 39
2370: (12:25) 39
2371: (12:25) 39
2372: (12:25) 39
2373: (12:25) 39
2374: (12:25) 39
2375: (12:25) 39
2376: (12:25) 39
2377: (12:25) 39
2378: (12:25) 39
2379: (12:25) 39
2380: (12:25) 39
2381: (12:25) 39
2382: (12:25) 39
2383: (12:25) 39
2384: (12:25) 39
2385: (12:25) 39
2386: (12:25) 39
2387: (12:25) 39
2388: (12:25) 39
2389: (12:25) 39
2390: (12:25) 39
2391: (12:25) 39
2392: (12:25) 39
2393: (12:25) 39
2394: (12:25) 39
2395: (12:25) 39
2396: (12:25) 39
2397: (12:25) 39
2398: (12:25) 39
2399: (12:25) 39
2400: (12:25) 39
2401: (12:25) 39
2402: (12:25) 39
2403: (12:25) 39
2404: (12:25) 39
2405: (12:25) 39
2406: (12:25) 39
2407: (12:25) 39
2408: (12:25) 39
2409: (12:25) 39
2410: (12:25) 39
2411: (12:25) 39
2412: (12:25) 39
2413: (12:25) 39
2414: (12:25) 39
2415: (12:25) 39
2416: (12:25) 39
2417: (12:25) 39
2418: (12:25) 39
2419: (12:25) 39
2420: (12:25) 39
2421: (12:25) 39
2422: (12:25) 39
2423: (12:25) 39
2424: (12:25) 39
2425: (12:25) 39
2426: (12:25) 39
2427: (12:25) 39
2428: (12:25) 39
2429: (12:25) 39
2430: (12:25) 39
2431: (12:25) 39
2432: (12:25) 39
2433: (12:25) 39
2434: (12:25) 39
2435: (12:25) 39
2436: (12:25) 39
2437: (12:25) 39
2438: (12:25) 39
2439: (12:25) 39
2440: (12:25) 39
2441: (12:25) 39
2442: (12:25) 39
2443: (12:25) 39
2444: (12:25) 39
2445: (12:25) 39
2446: (12:25) 39
2447: (12:25) 39
2448: (12:25) 39
2449: (12:25) 39
2450: (12:25) 39
2451: (12:25) 39
2452: (12:25) 39
2453: (12:25) 39
2454: (12:25) 39
2455: (12:25) 39
2456: (12:25) 39
2457: (12:25) 39
2458: (12:25) 39
2459: (12:25) 39
2460: (12:25) 39
2461: (12:25) 39
2462: (12:25) 39
2463: (12:25) 39
2464: (12:25) 39
2465: (12:25) 39
2466: (12:25) 39
2467: (12:25) 39
2468: (12:25) 39
2469: (12:25) 39
2470: (12:25) 39
2471: (12:25) 39
2472: (12:25) 39
2473: (12:25) 39
2474: (12:25) 39
2475: (12:25) 39
2476: (12:25) 39
2477: (12:25) 39
2478: (12:25) 39
2479: (12:25) 39
2480: (12:25) 39
2481: (12:25) 39
2482: (12:25) 39
2483: (12:25) 39
2484: (12:25) 39
2485: (12:25) 39
2486: (12:25) 39
2487: (12:25) 39
2488: (12:25) 39
2489: (12:25) 39
2490: (12:25) 39
2491: (12:25) 39
2492: (12:25) 39
2493: (12:25) 39
2494: (12:25) 39
2495: (12:25) 39
2496: (12:25) 39
2497: (12:25) 39
2498: (12:25) 39
2499: (12:25) 39
2500: (12:25) 39
2501: (12:25) 39
2502: (12:25) 39
2503: (12:25) 39
2504: (12:25) 39
2505: (12:25) 39
2506: (12:25) 39
2507: (12:25) 39
2508: (12:25) 39
2509: (12:25) 39
2510: (12:25) 39
2511: (12:25) 39
2512: (12:25) 40
2513: (12:25) 39
2514: (12:25) 39
2515: (12:25) 39
2516: (12:25) 40
2517: (12:25) 40
2518: (12:25) 39
2519: (12:25) 39
2520: (12:25) 39
2521: (12:25) 39
2522: (12:25) 39
2523: (12:25) 39
2524: (12:25) 39
2525: (12:25) 39
2526: (12:25) 39
2527: (12:25) 39
2528: (12:25) 39
2529: (12:25) 39
2530: (12:25) 39
2531: (12:25) 39
2532: (12:25) 39
2533: (12:25) 39
2534: (12:25) 39
2535: (12:25) 39
2536: (12:25) 39
2537: (12:25) 39
2538: (12:25) 39
2539: (12:25) 39
2540: (12:25) 39
2541: (12:25) 39
2542: (12:25) 39
2543: (12:25) 39
2544: (12:25) 39
2545: (12:25) 39
2546: (12:25) 39
2547: (12:25) 39
2548: (12:25) 39
2549: (12:25) 39
2550: (12:25) 39
2551: (12:25) 39
2552: (12:25) 39
2553: (12:25) 39
2554: (12:25) 39
2555: (12:25) 39
2556: (12:25) 39
2557: (12:25) 39
2558: (12:25) 39
2559: (12:25) 39
2560: (12:25) 39
2561: (12:25) 39
2562: (12:25) 39
2563: (12:25) 39
2564: (12:25) 39
2565: (12:25) 39
2566: (12:25) 39
2567: (12:25) 39
2568: (12:25) 39
2569: (12:25) 39
2570: (12:25) 39
2571: (12:25) 39
2572: (12:25) 39
2573: (12:25) 39
2574: (12:25) 39
2575: (12:25) 39
2576: (12:25) 39
2577: (12:25) 39
2578: (12:25) 39
2579: (12:25) 39
2580: (12:25) 39
2581: (12:25) 39
2582: (12:25) 39
2583: (12:25) 39
2584: (12:25) 39
2585: (12:25) 39
2586: (12:25) 39
2587: (12:25) 39
2588: (12:25) 39
2589: (12:25) 39
2590: (12:25) 39
2591: (12:25) 39
2592: (12:25) 39
2593: (12:25) 39
2594: (12:25) 39
2595: (12:25) 39
2596: (12:25) 39
2597: (12:25) 39
2598: (12:25) 39
2599: (12:25) 39
2600: (12:25) 39
2601: (12:25) 39
2602: (12:25) 39
2603: (12:25) 39
2604: (12:25) 39
2605: (12:25) 39
2606: (12:25) 39
2607: (12:25) 39
2608: (12:25) 39
2609: (12:25) 39
2610: (12:25) 39
2611: (12:25) 39
2612: (12:25) 39
2613: (12:25) 39
2614: (12:25) 39
2615: (12:25) 39
2616: (12:25) 39
2617: (12:25) 39
2618: (12:25) 39
2619: (12:25) 39
2620: (12:25) 39
2621: (12:25) 39
2622: (12:25) 39
2623: (12:25) 39
2624: (12:25) 39
2625: (12:25) 39
2626: (12:25) 39
2627: (12:25) 39
2628: (12:25) 39
2629: (12:25) 39
2630: (12:25) 39
2631: (12:25) 40
2632: (12:25) 40
2633: (12:25) 39
2634: (12:25) 39
2635: (12:25) 39
2636: (12:25) 39
2637: (12:25) 39
2638: (12:25) 39
2639: (12:25) 39
2640: (12:25) 39
2641: (12:25) 39
2642: (12:25) 39
2643: (12:25) 39
2644: (12:25) 39
2645: (12:25) 39
2646: (12:25) 39
2647: (12:25) 39
2648: (12:25) 39
2649: (12:25) 39
2650: (12:25) 39
2651: (12:25) 39
2652: (12:25) 39
2653: (12:25) 39
2654: (12:25) 39
2655: (12:25) 39
2656: (12:25) 39
2657: (12:25) 39
2658: (12:25) 39
2659: (12:25) 39
2660: (12:25) 39
2661: (12:25) 39
2662: (12:25) 39
2663: (12:25) 39
2664: (12:25) 39
2665: (12:25) 39
2666: (12:25) 40
2667: (12:25) 39
2668: (12:25) 39
2669: (12:25) 39
2670: (12:25) 39
2671: (12:25) 39
2672: (12:25) 39
2673: (12:25) 39
2674: (12:25) 39
2675: (12:25) 39
2676: (12:25) 39
2677: (12:25) 39
2678: (12:25) 39
2679: (12:25) 39
2680: (12:25) 39
2681: (12:25) 39
2682: (12:25) 39
2683: (12:25) 39
2684: (12:25) 39
2685: (12:25) 39
2686: (12:25) 39
2687: (12:25) 39
2688: (12:25) 39
2689: (12:25) 39
2690: (12:25) 39
2691: (12:25) 39
2692: (12:25) 39
2693: (12:25) 39
2694: (12:25) 39
2695: (12:25) 39
2696: (12:25) 40
2697: (12:25) 39
2698: (12:25) 39
2699: (12:25) 39
2700: (12:25) 39
2701: (12:25) 39
2702: (12:25) 39
2703: (12:25) 39
2704: (12:25) 39
2705: (12:25) 39
2706: (12:25) 39
2707: (12:25) 38
2708: (12:25) 39
2709: (12:25) 39
2710: (12:25) 39
2711: (12:25) 39
2712: (12:25) 39
2713: (12:25) 39
2714: (12:25) 39
2715: (12:25) 39
2716: (12:25) 39
2717: (12:25) 39
2718: (12:25) 39
2719: (12:25) 39
2720: (12:25) 39
2721: (12:25) 39
2722: (12:25) 39
2723: (12:25) 39
2724: (12:25) 39
2725: (12:25) 39
2726: (12:25) 39
2727: (12:25) 39
2728: (12:25) 39
2729: (12:25) 39
2730: (12:25) 39
2731: (12:25) 39
2732: (12:25) 39
2733: (12:25) 39
2734: (12:25) 39
2735: (12:25) 39
2736: (12:25) 39
2737: (12:25) 39
2738: (12:25) 39
2739: (12:25) 39
2740: (12:25) 39
2741: (12:25) 39
2742: (12:25) 39
2743: (12:25) 39
2744: (12:25) 39
2745: (12:25) 39
2746: (12:25) 39
2747: (12:25) 39
2748: (12:25) 39
2749: (12:25) 39
2750: (12:25) 40
2751: (12:25) 39
2752: (12:25) 39
2753: (12:25) 39
2754: (12:25) 40
2755: (12:25) 39
2756: (12:25) 40
2757: (12:25) 40
2758: (12:25) 40
2759: (12:25) 39
2760: (12:25) 39
2761: (12:25) 39
2762: (12:25) 39
2763: (12:25) 39
2764: (12:25) 39
2765: (12:25) 39
2766: (12:25) 39
2767: (12:25) 39
2768: (12:25) 39
2769: (12:25) 39
2770: (12:25) 39
2771: (12:25) 39
2772: (12:25) 39
2773: (12:25) 39
2774: (12:25) 39
2775: (12:25) 39
2776: (12:25) 39
2777: (12:25) 39
2778: (12:25) 39
2779: (12:25) 39
2780: (12:25) 39
2781: (12:25) 39
2782: (12:25) 39
2783: (12:25) 39
2784: (12:25) 39
2785: (12:25) 39
2786: (12:25) 39
2787: (12:25) 39
2788: (12:25) 39
2789: (12:25) 39
2790: (12:25) 39
2791: (12:25) 39
2792: (12:25) 39
2793: (12:25) 39
2794: (12:25) 39
2795: (12:25) 39
2796: (12:25) 39
2797: (12:25) 39
2798: (12:25) 39
2799: (12:25) 39
2800: (12:25) 39
2801: (12:25) 39
2802: (12:25) 39
2803: (12:25) 39
2804: (12:25) 39
2805: (12:25) 39
2806: (12:25) 39
2807: (12:25) 40
2808: (12:25) 40
2809: (12:25) 39
2810: (12:25) 39
2811: (12:25) 39
2812: (12:25) 39
2813: (12:25) 39
2814: (12:25) 39
2815: (12:25) 40
2816: (12:25) 40
2817: (12:25) 40
2818: (12:25) 40
2819: (12:25) 39
2820: (12:25) 39
2821: (12:25) 39
2822: (12:25) 39
2823: (12:25) 39
2824: (12:25) 39
2825: (12:25) 39
2826: (12:25) 39
2827: (12:25) 39
2828: (12:25) 39
2829: (12:25) 39
2830: (12:25) 39
2831: (12:25) 39
2832: (12:25) 39
2833: (12:25) 39
2834: (12:25) 39
2835: (12:25) 39
2836: (12:25) 39
2837: (12:25) 39
2838: (12:25) 39
2839: (12:25) 39
2840: (12:25) 39
2841: (12:25) 39
2842: (12:25) 39
2843: (12:25) 39
2844: (12:25) 39
2845: (12:25) 40
2846: (12:25) 40
2847: (12:25) 39
2848: (12:25) 39
2849: (12:25) 39
2850: (12:25) 39
2851: (12:25) 39
2852: (12:25) 39
2853: (12:25) 39
2854: (12:25) 39
2855: (12:25) 39
2856: (12:25) 39
2857: (12:25) 39
2858: (12:25) 39
2859: (12:25) 39
2860: (12:25) 39
2861: (12:25) 39
2862: (12:25) 39
2863: (12:25) 39
2864: (12:25) 39
2865: (12:25) 39
2866: (12:25) 39
2867: (12:25) 39
2868: (12:25) 39
2869: (12:25) 40
2870: (12:25) 40
2871: (12:25) 40
2872: (12:25) 39
2873: (12:25) 39
2874: (12:25) 39
2875: (12:25) 40
2876: (12:25) 40
2877: (12:25) 40
2878: (12:25) 39
2879: (12:25) 39
2880: (12:25) 40
2881: (12:25) 39
2882: (12:25) 39
2883: (12:25) 39
2884: (12:25) 39
2885: (12:25) 39
2886: (12:25) 39
2887: (12:25) 39
2888: (12:25) 39
2889: (12:25) 39
2890: (12:25) 39
2891: (12:25) 39
2892: (12:25) 40
2893: (12:25) 40
2894: (12:25) 39
2895: (12:25) 39
2896: (12:25) 39
2897: (12:25) 39
2898: (12:25) 40
2899: (12:25) 40
2900: (12:25) 40
2901: (12:25) 40
2902: (12:25) 39
2903: (12:25) 39
2904: (12:25) 39
2905: (12:25) 39
2906: (12:25) 39
2907: (12:25) 39
2908: (12:25) 39
2909: (12:25) 39
2910: (12:25) 40
2911: (12:25) 40
2912: (12:25) 40
2913: (12:25) 40
2914: (12:25) 39
2915: (12:25) 39
2916: (12:25) 39
2917: (12:25) 39
2918: (12:25) 39
2919: (12:25) 39
2920: (12:25) 39
2921: (12:25) 39
2922: (12:25) 39
2923: (12:25) 39
2924: (12:25) 39
2925: (12:25) 39
2926: (12:25) 39
2927: (12:25) 39
2928: (12:25) 39
2929: (12:25) 39
2930: (12:25) 39
2931: (12:25) 39
2932: (12:25) 39
2933: (12:25) 39
2934: (12:25) 39
2935: (12:25) 39
2936: (12:25) 39
2937: (12:25) 39
2938: (12:25) 39
2939: (12:25) 39
2940: (12:25) 39
2941: (12:25) 39
2942: (12:25) 39
2943: (12:25) 40
2944: (12:25) 40
2945: (12:25) 40
2946: (12:25) 39
2947: (12:25) 39
2948: (12:25) 39
2949: (12:25) 39
2950: (12:25) 39
2951: (12:25) 39
2952: (12:25) 39
2953: (12:25) 39
2954: (12:25) 39
2955: (12:25) 39
2956: (12:25) 39
2957: (12:25) 39
2958: (12:25) 39
2959: (12:25) 39
2960: (12:25) 39
2961: (12:25) 39
2962: (12:25) 39
2963: (12:25) 39
2964: (12:25) 39
2965: (12:25) 39
2966: (12:25) 39
2967: (12:25) 39
2968: (12:25) 39
2969: (12:25) 39
2970: (12:25) 39
2971: (12:25) 39
2972: (12:25) 39
2973: (12:25) 39
2974: (12:25) 39
2975: (12:25) 39
2976: (12:25) 39
2977: (12:25) 39
2978: (12:25) 39
2979: (12:25) 39
2980: (12:25) 39
2981: (12:25) 39
2982: (12:25) 39
2983: (12:25) 39
2984: (12:25) 39
2985: (12:25) 39
2986: (12:25) 39
2987: (12:25) 39
2988: (12:25) 39
2989: (12:25) 39
2990: (12:25) 39
2991: (12:25) 39
2992: (12:25) 39
2993: (12:25) 40
2994: (12:25) 39
2995: (12:25) 39
2996: (12:25) 39
2997: (12:25) 39
2998: (12:25) 40
2999: (12:25) 40
3000: (12:25) 39
3001: (12:25) 39
3002: (12:25) 39
3003: (12:25) 39
3004: (12:25) 39
3005: (12:25) 39
3006: (12:25) 39
3007: (12:25) 39
3008: (12:25) 39
3009: (12:25) 39
3010: (12:25) 39
3011: (12:25) 39
3012: (12:25) 39
3013: (12:25) 39
3014: (12:25) 39
3015: (12:25) 39
3016: (12:25) 39
3017: (12:25) 39
3018: (12:25) 39
3019: (12:25) 39
3020: (12:25) 39
3021: (12:25) 39
3022: (12:25) 39
3023: (12:25) 39
3024: (12:25) 39
3025: (12:25) 39
3026: (12:25) 39
3027: (12:25) 39
3028: (12:25) 39
3029: (12:25) 39
3030: (12:25) 39
3031: (12:25) 39
3032: (12:25) 39
3033: (12:25) 39
3034: (12:25) 39
3035: (12:25) 39
3036: (12:25) 39
3037: (12:25) 39
3038: (12:25) 39
3039: (12:25) 39
3040: (12:25) 39
3041: (12:25) 39
3042: (12:25) 39
3043: (12:25) 39
3044: (12:25) 39
3045: (12:25) 39
3046: (12:25) 39
3047: (12:25) 39
3048: (12:25) 39
3049: (12:25) 39
3050: (12:25) 39
3051: (12:25) 39
3052: (12:25) 39
3053: (12:25) 39
3054: (12:25) 39
3055: (12:25) 39
3056: (12:25) 39
3057: (12:25) 39
3058: (12:25) 39
3059: (12:25) 39
3060: (12:25) 39
3061: (12:25) 39
3062: (12:25) 39
3063: (12:25) 39
3064: (12:25) 39
3065: (12:25) 39
3066: (12:25) 39
3067: (12:25) 39
3068: (12:25) 39
3069: (12:25) 39
3070: (12:25) 39
3071: (12:25) 39
3072: (12:25) 39
3073: (12:25) 38
3074: (12:25) 39
3075: (12:25) 39
3076: (12:25) 39
3077: (12:25) 39
3078: (12:25) 39
3079: (12:25) 39
3080: (12:25) 39
3081: (12:25) 39
3082: (12:25) 39
3083: (12:25) 39
3084: (12:25) 39
3085: (12:25) 39
3086: (12:25) 39
3087: (12:25) 39
3088: (12:25) 39
3089: (12:25) 39
3090: (12:25) 39
3091: (12:25) 39
3092: (12:25) 39
3093: (12:25) 39
3094: (12:25) 39
3095: (12:25) 39
3096: (12:25) 39
3097: (12:25) 39
3098: (12:25) 39
3099: (12:25) 39
3100: (12:25) 39
3101: (12:25) 39
3102: (12:25) 39
3103: (12:25) 39
3104: (12:25) 39
3105: (12:25) 39
3106: (12:25) 39
3107: (12:25) 39
3108: (12:25) 39
3109: (12:25) 39
3110: (12:25) 39
3111: (12:25) 39
3112: (12:25) 39
3113: (12:25) 39
3114: (12:25) 39
3115: (12:25) 39
3116: (12:25) 39
3117: (12:25) 39
3118: (12:25) 39
3119: (12:25) 39
3120: (12:25) 39
3121: (12:25) 39
3122: (12:25) 39
3123: (12:25) 39
3124: (12:25) 39
3125: (12:25) 39
3126: (12:25) 39
3127: (12:25) 39
3128: (12:25) 39
3129: (12:25) 39
3130: (12:25) 39
3131: (12:25) 39
3132: (12:25) 39
3133: (12:25) 39
3134: (12:25) 39
3135: (12:25) 39
3136: (12:25) 39
3137: (12:25) 39
3138: (12:25) 39
3139: (12:25) 39
3140: (12:25) 39
3141: (12:25) 39
3142: (12:25) 39
3143: (12:25) 39
3144: (12:25) 39
3145: (12:25) 39
3146: (12:25) 39
3147: (12:25) 39
3148: (12:25) 39
3149: (12:25) 39
3150: (12:25) 39
3151: (12:25) 39
3152: (12:25) 39
3153: (12:25) 39
3154: (12:25) 39
3155: (12:25) 39
3156: (12:25) 39
3157: (12:25) 39
3158: (12:25) 39
3159: (12:25) 39
3160: (12:25) 39
3161: (12:25) 39
3162: (12:25) 39
3163: (12:25) 39
3164: (12:25) 39
3165: (12:25) 39
3166: (12:25) 39
3167: (12:25) 39
3168: (12:25) 39
3169: (12:25) 39
3170: (12:25) 39
3171: (12:25) 39
3172: (12:25) 39
3173: (12:25) 39
3174: (12:25) 39
3175: (12:25) 39
3176: (12:25) 39
3177: (12:25) 39
3178: (12:25) 39
3179: (12:25) 39
3180: (12:25) 39
3181: (12:25) 39
3182: (12:25) 39
3183: (12:25) 39
3184: (12:25) 39
3185: (12:25) 39
3186: (12:25) 39
3187: (12:25) 39
3188: (12:25) 39
3189: (12:25) 39
3190: (12:25) 39
3191: (12:25) 39
3192: (12:25) 39
3193: (12:25) 39
3194: (12:25) 39
3195: (12:25) 39
3196: (12:25) 39
3197: (12:25) 39
3198: (12:25) 39
3199: (12:25) 39
3200: (12:25) 39
3201: (12:25) 39
3202: (12:25) 39
3203: (12:25) 39
3204: (12:25) 39
3205: (12:25) 39
3206: (12:25) 39
3207: (12:25) 39
3208: (12:25) 39
3209: (12:25) 39
3210: (12:25) 39
3211: (12:25) 39
3212: (12:25) 39
3213: (12:25) 39
3214: (12:25) 39
3215: (12:25) 39
3216: (12:25) 39
3217: (12:25) 39
3218: (12:25) 39
3219: (12:25) 39
3220: (12:25) 39
3221: (12:25) 39
3222: (12:25) 39
3223: (12:25) 39
3224: (12:25) 39
3225: (12:25) 39
3226: (12:25) 39
3227: (12:25) 39
3228: (12:25) 39
3229: (12:25) 39
3230: (12:25) 39
3231: (12:25) 39
3232: (12:25) 39
3233: (12:25) 39
3234: (12:25) 39
3235: (12:25) 39
3236: (12:25) 39
3237: (12:25) 39
3238: (12:25) 39
3239: (12:25) 39
3240: (12:25) 39
3241: (12:25) 39
3242: (12:25) 39
3243: (12:25) 39
3244: (12:25) 39
3245: (12:25) 39
3246: (12:25) 39
3247: (12:25) 39
3248: (12:25) 39
3249: (12:25) 39
3250: (12:25) 39
3251: (12:25) 39
3252: (12:25) 39
3253: (12:25) 39
3254: (12:25) 39
3255: (12:25) 39
3256: (12:25) 39
3257: (12:25) 39
3258: (12:25) 39
3259: (12:25) 39
3260: (12:25) 39
3261: (12:25) 39
3262: (12:25) 39
3263: (12:25) 39
3264: (12:25) 39
3265: (12:25) 39
3266: (12:25) 39
3267: (12:25) 39
3268: (12:25) 39
3269: (12:25) 39
3270: (12:25) 39
3271: (12:25) 39
3272: (12:25) 39
3273: (12:25) 39
3274: (12:25) 39
3275: (12:25) 39
3276: (12:25) 39
3277: (12:25) 39
3278: (12:25) 39
3279: (12:25) 39
3280: (12:25) 39
3281: (12:25) 39
3282: (12:25) 39
3283: (12:25) 39
3284: (12:25) 39
3285: (12:25) 39
3286: (12:25) 39
3287: (12:25) 39
3288: (12:25) 39
3289: (12:25) 39
3290: (12:25) 39
3291: (12:25) 39
3292: (12:25) 39
3293: (12:25) 39
3294: (12:25) 39
3295: (12:25) 39
3296: (12:25) 39
3297: (12:25) 39
3298: (12:25) 38
3299: (12:25) 38
3300: (12:25) 38
3301: (12:25) 38
3302: (12:25) 38
3303: (12:25) 38
3304: (12:25) 38
3305: (12:25) 39
3306: (12:25) 39
3307: (12:25) 39
3308: (12:25) 39
3309: (12:25) 39
3310: (12:25) 39
3311: (12:25) 39
3312: (12:25) 39
3313: (12:25) 39
3314: (12:25) 39
3315: (12:25) 39
3316: (12:25) 39
3317: (12:25) 39
3318: (12:25) 39
3319: (12:25) 39
3320: (12:25) 38
3321: (12:25) 39
3322: (12:25) 39
3323: (12:25) 39
3324: (12:25) 39
3325: (12:25) 39
3326: (12:25) 39
3327: (12:25) 39
3328: (12:25) 39
3329: (12:25) 39
3330: (12:25) 39
3331: (12:25) 39
3332: (12:25) 39
3333: (12:25) 39
3334: (12:25) 39
3335: (12:25) 39
3336: (12:25) 39
3337: (12:25) 39
3338: (12:25) 39
3339: (12:25) 39
3340: (12:25) 39
3341: (12:25) 39
3342: (12:25) 39
3343: (12:25) 39
3344: (12:25) 39
3345: (12:25) 39
3346: (12:25) 39
3347: (12:25) 38
3348: (12:25) 39
3349: (12:25) 39
3350: (12:25) 39
3351: (12:25) 39
3352: (12:25) 39
3353: (12:25) 39
3354: (12:25) 39
3355: (12:25) 39
3356: (12:25) 39
3357: (12:25) 39
3358: (12:25) 39
3359: (12:25) 39
3360: (12:25) 39
3361: (12:25) 39
3362: (12:25) 39
3363: (12:25) 39
3364: (12:25) 39
3365: (12:25) 39
3366: (12:25) 39
3367: (12:25) 39
3368: (12:25) 39
3369: (12:25) 39
3370: (12:25) 39
3371: (12:25) 39
3372: (12:25) 39
3373: (12:25) 39
3374: (12:25) 39
3375: (12:25) 39
3376: (12:25) 39
3377: (12:25) 39
3378: (12:25) 39
3379: (12:25) 39
3380: (12:25) 39
3381: (12:25) 39
3382: (12:25) 39
3383: (12:25) 39
3384: (12:25) 39
3385: (12:25) 39
3386: (12:25) 39
3387: (12:25) 39
3388: (12:25) 39
3389: (12:25) 39
3390: (12:25) 39
3391: (12:25) 39
3392: (12:25) 39
3393: (12:25) 39
3394: (12:25) 39
3395: (12:25) 39
3396: (12:25) 39
3397: (12:25) 39
3398: (12:25) 39
3399: (12:25) 39
3400: (12:25) 39
3401: (12:25) 39
3402: (12:25) 39
3403: (12:25) 39
3404: (12:25) 39
3405: (12:25) 39
3406: (12:25) 39
3407: (12:25) 39
3408: (12:25) 39
3409: (12:25) 39
3410: (12:25) 39
3411: (12:25) 39
3412: (12:25) 39
3413: (12:25) 39
3414: (12:25) 39
3415: (12:25) 39
3416: (12:25) 39
3417: (12:25) 39
3418: (12:25) 39
3419: (12:25) 39
3420: (12:25) 39
3421: (12:25) 39
3422: (12:25) 39
3423: (12:25) 39
3424: (12:25) 39
3425: (12:25) 39
3426: (12:25) 39
3427: (12:25) 39
3428: (12:25) 39
3429: (12:25) 39
3430: (12:25) 39
3431: (12:25) 39
3432: (12:25) 39
3433: (12:25) 39
3434: (12:25) 39
3435: (12:25) 39
3436: (12:25) 39
3437: (12:25) 39
3438: (12:25) 39
3439: (12:25) 39
3440: (12:25) 39
3441: (12:25) 39
3442: (12:25) 39
