[33m[nodemon] 2.0.3[39m
[33m[nodemon] to restart at any time, enter `rs`[39m
[33m[nodemon] watching path(s): *.*[39m
[33m[nodemon] watching extensions: js,mjs,json[39m
[32m[nodemon] starting `node index.js`[39m
Tilgjengelige seriellporter:
http://localhost:3000
COM34
Nettleser åpen
0: (12:23) 39
1: (12:23) 39
2: (12:23) 39
3: (12:23) 39
4: (12:23) 39
5: (12:23) 39
6: (12:23) 39
7: (12:23) 39
8: (12:23) 39
9: (12:23) 39
10: (12:23) 39
11: (12:23) 39
12: (12:23) 39
13: (12:23) 39
14: (12:23) 39
15: (12:23) 39
16: (12:23) 39
17: (12:23) 39
18: (12:23) 39
19: (12:23) 39
20: (12:23) 39
21: (12:23) 39
22: (12:23) 39
23: (12:23) 39
24: (12:23) 39
25: (12:23) 39
26: (12:23) 39
27: (12:23) 39
28: (12:23) 39
29: (12:23) 39
30: (12:23) 39
31: (12:23) 39
32: (12:23) 39
33: (12:23) 39
34: (12:23) 39
35: (12:23) 39
36: (12:23) 39
37: (12:23) 39
38: (12:23) 39
39: (12:23) 39
40: (12:23) 39
41: (12:23) 39
42: (12:23) 39
43: (12:23) 39
44: (12:23) 39
45: (12:23) 39
46: (12:23) 39
47: (12:23) 39
48: (12:23) 39
49: (12:23) 39
50: (12:23) 39
51: (12:23) 39
52: (12:23) 39
53: (12:23) 39
54: (12:23) 39
55: (12:23) 39
56: (12:23) 39
57: (12:23) 39
58: (12:23) 39
59: (12:23) 39
60: (12:23) 39
61: (12:23) 39
62: (12:23) 39
63: (12:23) 39
64: (12:23) 39
65: (12:23) 39
66: (12:23) 39
67: (12:23) 39
68: (12:23) 39
69: (12:23) 39
70: (12:23) 39
71: (12:23) 39
72: (12:23) 39
73: (12:23) 39
74: (12:23) 39
75: (12:23) 39
76: (12:23) 39
77: (12:23) 39
78: (12:23) 39
79: (12:23) 39
80: (12:23) 39
81: (12:23) 39
82: (12:23) 39
83: (12:23) 39
84: (12:23) 39
85: (12:23) 39
86: (12:23) 39
87: (12:23) 39
88: (12:23) 39
89: (12:23) 39
90: (12:23) 39
91: (12:23) 39
92: (12:23) 39
93: (12:23) 39
94: (12:23) 39
95: (12:23) 39
96: (12:23) 39
97: (12:23) 39
98: (12:23) 39
99: (12:23) 39
100: (12:23) 39
101: (12:23) 39
102: (12:23) 39
103: (12:23) 39
104: (12:23) 39
105: (12:23) 39
106: (12:23) 39
107: (12:23) 39
108: (12:23) 39
109: (12:23) 39
110: (12:23) 39
111: (12:23) 39
112: (12:23) 39
113: (12:23) 39
114: (12:23) 39
115: (12:23) 39
116: (12:23) 39
117: (12:23) 39
118: (12:23) 39
119: (12:23) 39
120: (12:23) 39
121: (12:23) 39
122: (12:23) 39
123: (12:23) 39
124: (12:23) 39
125: (12:23) 39
126: (12:23) 39
127: (12:23) 39
128: (12:23) 39
129: (12:23) 39
130: (12:23) 39
131: (12:23) 39
132: (12:23) 39
133: (12:23) 39
134: (12:23) 39
135: (12:23) 39
136: (12:23) 39
137: (12:23) 39
138: (12:23) 39
139: (12:23) 39
140: (12:23) 39
141: (12:23) 39
142: (12:23) 39
143: (12:23) 39
144: (12:23) 39
145: (12:23) 39
146: (12:23) 39
147: (12:23) 39
148: (12:23) 39
149: (12:23) 39
150: (12:23) 39
151: (12:23) 39
152: (12:23) 39
153: (12:23) 39
154: (12:23) 39
155: (12:23) 39
156: (12:23) 39
157: (12:23) 39
158: (12:23) 39
159: (12:23) 39
160: (12:23) 38
161: (12:23) 39
162: (12:23) 39
163: (12:23) 39
164: (12:23) 39
165: (12:23) 39
166: (12:23) 39
167: (12:23) 39
168: (12:23) 39
169: (12:23) 39
170: (12:23) 39
171: (12:23) 39
172: (12:23) 39
173: (12:23) 39
174: (12:23) 39
175: (12:23) 39
176: (12:23) 39
177: (12:23) 39
178: (12:23) 39
179: (12:23) 39
180: (12:23) 39
181: (12:23) 39
182: (12:23) 39
183: (12:23) 39
184: (12:23) 39
185: (12:23) 39
186: (12:23) 39
187: (12:23) 39
188: (12:23) 39
189: (12:23) 39
190: (12:23) 39
191: (12:23) 39
192: (12:23) 39
193: (12:23) 39
194: (12:23) 39
195: (12:23) 39
196: (12:23) 39
197: (12:23) 39
198: (12:23) 39
199: (12:23) 39
200: (12:23) 39
201: (12:23) 39
202: (12:23) 39
203: (12:23) 39
204: (12:23) 39
205: (12:23) 39
206: (12:23) 39
207: (12:23) 39
208: (12:23) 39
209: (12:23) 39
210: (12:23) 39
211: (12:23) 39
212: (12:23) 39
213: (12:23) 39
214: (12:23) 39
215: (12:23) 39
216: (12:23) 39
217: (12:23) 39
218: (12:23) 39
219: (12:23) 39
220: (12:23) 39
221: (12:23) 39
222: (12:23) 39
223: (12:23) 39
224: (12:23) 39
225: (12:23) 39
226: (12:23) 39
227: (12:23) 39
228: (12:23) 39
229: (12:23) 39
230: (12:23) 39
231: (12:23) 39
232: (12:23) 39
233: (12:23) 39
234: (12:23) 39
235: (12:23) 39
236: (12:23) 39
237: (12:23) 39
238: (12:23) 39
239: (12:23) 39
240: (12:23) 39
241: (12:23) 39
242: (12:23) 39
243: (12:23) 39
244: (12:23) 39
245: (12:23) 39
246: (12:23) 39
247: (12:23) 39
248: (12:23) 39
249: (12:23) 38
250: (12:23) 39
251: (12:23) 39
252: (12:23) 39
253: (12:23) 39
254: (12:23) 39
255: (12:23) 39
256: (12:23) 39
257: (12:23) 39
258: (12:23) 39
259: (12:23) 39
260: (12:23) 39
261: (12:23) 39
262: (12:23) 39
263: (12:23) 39
264: (12:23) 39
265: (12:23) 39
266: (12:23) 39
267: (12:23) 39
268: (12:23) 39
269: (12:23) 39
270: (12:23) 39
271: (12:23) 39
272: (12:23) 39
273: (12:23) 39
274: (12:23) 39
275: (12:23) 39
276: (12:23) 39
277: (12:23) 39
278: (12:23) 39
279: (12:23) 39
280: (12:23) 39
281: (12:23) 39
282: (12:23) 39
283: (12:23) 39
284: (12:23) 39
285: (12:23) 39
286: (12:23) 39
287: (12:23) 39
288: (12:23) 39
289: (12:23) 39
290: (12:23) 39
291: (12:23) 39
292: (12:23) 39
293: (12:23) 39
294: (12:23) 38
295: (12:23) 38
296: (12:23) 39
297: (12:23) 39
298: (12:23) 39
299: (12:23) 39
300: (12:23) 39
301: (12:23) 39
302: (12:23) 39
303: (12:23) 39
304: (12:23) 39
305: (12:23) 39
306: (12:23) 38
307: (12:23) 39
308: (12:23) 39
309: (12:23) 39
310: (12:23) 39
311: (12:23) 39
312: (12:23) 39
313: (12:23) 39
314: (12:23) 39
315: (12:23) 39
316: (12:23) 39
317: (12:23) 39
318: (12:23) 39
319: (12:23) 39
320: (12:23) 39
321: (12:23) 39
322: (12:23) 39
323: (12:23) 39
324: (12:23) 39
325: (12:23) 39
326: (12:23) 39
327: (12:23) 39
328: (12:23) 39
329: (12:23) 39
330: (12:23) 39
331: (12:23) 39
332: (12:23) 39
333: (12:23) 39
334: (12:23) 39
335: (12:23) 39
336: (12:23) 39
337: (12:23) 39
338: (12:23) 39
339: (12:23) 39
340: (12:23) 39
341: (12:23) 39
342: (12:23) 39
343: (12:23) 39
344: (12:23) 39
345: (12:23) 39
346: (12:23) 39
347: (12:23) 39
348: (12:23) 39
349: (12:23) 39
350: (12:23) 39
351: (12:23) 39
352: (12:23) 39
353: (12:23) 39
354: (12:23) 39
355: (12:23) 39
356: (12:23) 39
357: (12:23) 39
358: (12:23) 39
359: (12:23) 39
360: (12:23) 39
361: (12:23) 39
362: (12:23) 39
363: (12:24) 39
364: (12:24) 39
365: (12:24) 39
366: (12:24) 39
367: (12:24) 39
368: (12:24) 39
369: (12:24) 39
370: (12:24) 39
371: (12:24) 39
372: (12:24) 39
373: (12:24) 39
374: (12:24) 39
375: (12:24) 39
376: (12:24) 39
377: (12:24) 39
378: (12:24) 39
379: (12:24) 39
380: (12:24) 39
381: (12:24) 39
382: (12:24) 39
383: (12:24) 39
384: (12:24) 39
385: (12:24) 39
386: (12:24) 39
387: (12:24) 39
388: (12:24) 39
389: (12:24) 39
390: (12:24) 39
391: (12:24) 39
392: (12:24) 39
393: (12:24) 39
394: (12:24) 39
395: (12:24) 39
396: (12:24) 39
397: (12:24) 39
398: (12:24) 39
399: (12:24) 39
400: (12:24) 39
401: (12:24) 39
402: (12:24) 39
403: (12:24) 39
404: (12:24) 39
405: (12:24) 39
406: (12:24) 39
407: (12:24) 39
408: (12:24) 39
409: (12:24) 39
410: (12:24) 39
411: (12:24) 39
412: (12:24) 39
413: (12:24) 39
414: (12:24) 39
415: (12:24) 39
416: (12:24) 39
417: (12:24) 39
418: (12:24) 39
419: (12:24) 39
420: (12:24) 39
421: (12:24) 39
422: (12:24) 39
423: (12:24) 39
424: (12:24) 39
425: (12:24) 39
426: (12:24) 39
427: (12:24) 39
428: (12:24) 39
429: (12:24) 39
430: (12:24) 39
431: (12:24) 39
432: (12:24) 39
433: (12:24) 39
434: (12:24) 39
435: (12:24) 39
436: (12:24) 39
437: (12:24) 39
438: (12:24) 39
439: (12:24) 39
440: (12:24) 39
441: (12:24) 39
442: (12:24) 39
443: (12:24) 39
444: (12:24) 39
445: (12:24) 39
446: (12:24) 39
447: (12:24) 39
448: (12:24) 39
449: (12:24) 39
450: (12:24) 39
451: (12:24) 39
452: (12:24) 39
453: (12:24) 39
454: (12:24) 39
455: (12:24) 39
456: (12:24) 39
457: (12:24) 39
458: (12:24) 39
459: (12:24) 39
460: (12:24) 39
461: (12:24) 39
462: (12:24) 39
463: (12:24) 39
464: (12:24) 39
465: (12:24) 39
466: (12:24) 39
467: (12:24) 39
468: (12:24) 39
469: (12:24) 38
470: (12:24) 39
471: (12:24) 39
472: (12:24) 39
473: (12:24) 39
474: (12:24) 39
475: (12:24) 39
476: (12:24) 39
477: (12:24) 39
478: (12:24) 39
479: (12:24) 39
480: (12:24) 39
481: (12:24) 39
482: (12:24) 39
483: (12:24) 39
484: (12:24) 39
485: (12:24) 39
486: (12:24) 39
487: (12:24) 39
488: (12:24) 39
489: (12:24) 39
490: (12:24) 39
491: (12:24) 39
492: (12:24) 39
493: (12:24) 39
494: (12:24) 39
495: (12:24) 39
496: (12:24) 39
497: (12:24) 39
498: (12:24) 39
499: (12:24) 39
500: (12:24) 39
501: (12:24) 39
502: (12:24) 39
503: (12:24) 39
504: (12:24) 39
505: (12:24) 39
506: (12:24) 39
507: (12:24) 39
508: (12:24) 39
509: (12:24) 39
510: (12:24) 39
511: (12:24) 39
512: (12:24) 39
513: (12:24) 39
514: (12:24) 39
515: (12:24) 39
516: (12:24) 39
517: (12:24) 39
518: (12:24) 39
519: (12:24) 39
520: (12:24) 39
521: (12:24) 40
522: (12:24) 40
523: (12:24) 39
524: (12:24) 39
525: (12:24) 39
526: (12:24) 39
527: (12:24) 39
528: (12:24) 39
529: (12:24) 39
530: (12:24) 39
531: (12:24) 40
532: (12:24) 40
533: (12:24) 40
534: (12:24) 39
535: (12:24) 39
536: (12:24) 39
537: (12:24) 39
538: (12:24) 40
539: (12:24) 40
540: (12:24) 39
541: (12:24) 39
542: (12:24) 39
543: (12:24) 40
544: (12:24) 39
545: (12:24) 39
546: (12:24) 39
547: (12:24) 39
548: (12:24) 39
549: (12:24) 39
550: (12:24) 39
551: (12:24) 39
552: (12:24) 39
553: (12:24) 39
554: (12:24) 39
555: (12:24) 39
556: (12:24) 39
557: (12:24) 39
558: (12:24) 39
559: (12:24) 39
560: (12:24) 39
561: (12:24) 39
562: (12:24) 39
563: (12:24) 39
564: (12:24) 39
565: (12:24) 39
566: (12:24) 39
567: (12:24) 39
568: (12:24) 39
569: (12:24) 39
570: (12:24) 39
571: (12:24) 40
572: (12:24) 39
573: (12:24) 39
574: (12:24) 39
575: (12:24) 40
576: (12:24) 40
577: (12:24) 40
578: (12:24) 40
579: (12:24) 40
580: (12:24) 39
581: (12:24) 39
582: (12:24) 40
583: (12:24) 39
584: (12:24) 39
585: (12:24) 39
586: (12:24) 39
587: (12:24) 39
588: (12:24) 39
589: (12:24) 39
590: (12:24) 39
591: (12:24) 39
592: (12:24) 39
593: (12:24) 39
594: (12:24) 39
595: (12:24) 39
596: (12:24) 39
597: (12:24) 39
598: (12:24) 39
599: (12:24) 39
600: (12:24) 39
601: (12:24) 39
602: (12:24) 39
603: (12:24) 39
604: (12:24) 39
605: (12:24) 40
606: (12:24) 40
607: (12:24) 39
608: (12:24) 39
609: (12:24) 39
610: (12:24) 39
611: (12:24) 39
612: (12:24) 39
613: (12:24) 39
614: (12:24) 39
615: (12:24) 39
616: (12:24) 39
617: (12:24) 39
618: (12:24) 39
619: (12:24) 39
620: (12:24) 39
621: (12:24) 39
622: (12:24) 39
623: (12:24) 39
624: (12:24) 39
625: (12:24) 39
626: (12:24) 39
627: (12:24) 39
628: (12:24) 39
629: (12:24) 39
630: (12:24) 39
631: (12:24) 39
632: (12:24) 39
633: (12:24) 39
634: (12:24) 39
635: (12:24) 39
636: (12:24) 39
637: (12:24) 39
638: (12:24) 39
639: (12:24) 39
640: (12:24) 39
641: (12:24) 39
642: (12:24) 39
643: (12:24) 39
644: (12:24) 39
645: (12:24) 39
646: (12:24) 39
647: (12:24) 39
648: (12:24) 39
649: (12:24) 39
650: (12:24) 39
651: (12:24) 39
652: (12:24) 39
653: (12:24) 39
654: (12:24) 39
655: (12:24) 39
656: (12:24) 39
657: (12:24) 39
658: (12:24) 39
659: (12:24) 39
660: (12:24) 39
661: (12:24) 39
662: (12:24) 39
663: (12:24) 39
664: (12:24) 39
665: (12:24) 39
666: (12:24) 39
667: (12:24) 39
668: (12:24) 39
669: (12:24) 39
670: (12:24) 39
671: (12:24) 39
672: (12:24) 39
673: (12:24) 39
674: (12:24) 39
675: (12:24) 39
676: (12:24) 39
677: (12:24) 39
678: (12:24) 39
679: (12:24) 39
680: (12:24) 39
681: (12:24) 39
682: (12:24) 39
683: (12:24) 39
684: (12:24) 39
685: (12:24) 39
686: (12:24) 39
687: (12:24) 39
688: (12:24) 39
689: (12:24) 39
690: (12:24) 39
691: (12:24) 39
692: (12:24) 39
693: (12:24) 39
694: (12:24) 39
695: (12:24) 39
696: (12:24) 39
697: (12:24) 39
698: (12:24) 39
699: (12:24) 39
700: (12:24) 39
701: (12:24) 39
702: (12:24) 39
703: (12:24) 39
704: (12:24) 39
705: (12:24) 39
706: (12:24) 39
707: (12:24) 39
708: (12:24) 39
709: (12:24) 39
710: (12:24) 39
711: (12:24) 39
712: (12:24) 39
713: (12:24) 39
714: (12:24) 39
715: (12:24) 39
716: (12:24) 39
717: (12:24) 39
718: (12:24) 39
719: (12:24) 39
720: (12:24) 39
721: (12:24) 39
722: (12:24) 39
723: (12:24) 39
724: (12:24) 39
725: (12:24) 39
726: (12:24) 39
727: (12:24) 39
728: (12:24) 39
729: (12:24) 39
730: (12:24) 39
731: (12:24) 40
732: (12:24) 40
733: (12:24) 40
734: (12:24) 40
735: (12:24) 39
736: (12:24) 39
737: (12:24) 39
738: (12:24) 40
739: (12:24) 39
740: (12:24) 39
741: (12:24) 39
742: (12:24) 39
743: (12:24) 39
744: (12:24) 39
745: (12:24) 39
746: (12:24) 39
747: (12:24) 39
748: (12:24) 39
749: (12:24) 39
750: (12:24) 39
751: (12:24) 39
752: (12:24) 39
753: (12:24) 39
754: (12:24) 39
755: (12:24) 39
756: (12:24) 39
757: (12:24) 39
758: (12:24) 39
759: (12:24) 39
760: (12:24) 40
761: (12:24) 39
762: (12:24) 39
763: (12:24) 39
764: (12:24) 39
765: (12:24) 40
766: (12:24) 39
767: (12:24) 39
768: (12:24) 39
769: (12:24) 39
770: (12:24) 39
771: (12:24) 39
772: (12:24) 39
773: (12:24) 39
774: (12:24) 39
775: (12:24) 39
776: (12:24) 39
777: (12:24) 39
778: (12:24) 39
779: (12:24) 39
780: (12:24) 39
781: (12:24) 39
782: (12:24) 39
783: (12:24) 39
784: (12:24) 39
785: (12:24) 39
786: (12:24) 39
787: (12:24) 39
788: (12:24) 39
789: (12:24) 39
790: (12:24) 39
791: (12:24) 39
792: (12:24) 39
793: (12:24) 39
794: (12:24) 39
795: (12:24) 39
796: (12:24) 39
797: (12:24) 39
798: (12:24) 39
799: (12:24) 39
800: (12:24) 39
801: (12:24) 39
802: (12:24) 39
803: (12:24) 39
804: (12:24) 39
[31m[nodemon] app crashed - waiting for file changes before starting...[39m
[32m[nodemon] restarting child process[39m
[32m[nodemon] starting `node index.js`[39m
[31m[nodemon] app crashed - waiting for file changes before starting...[39m
